[16:35:53] [INFO] [pipeline] =======================================================
[16:35:53] [INFO] [pipeline] DATA INTELLIGENCE LAYER - Pipeline Start
[16:35:53] [INFO] [pipeline] =======================================================
[16:35:53] [INFO] [pipeline] [Layer 1] Data Input
[16:36:01] [INFO] [layers.input_layer] Dataset loaded from C:\Users\Navjot Kaushal\OneDrive\projects\ML Major Projects\Data Engine\Datasets\data.csv - shape: (4600, 18)
[16:36:01] [DEBUG] [layers.input_layer] Columns normalized: ['date', 'price', 'bedrooms', 'bathrooms', 'sqft_living', 'sqft_lot', 'floors', 'waterfront', 'view', 'condition', 'sqft_above', 'sqft_basement', 'yr_built', 'yr_renovated', 'street', 'city', 'statezip', 'country']
[16:36:01] [INFO] [layers.input_layer] Dataset validated - shape: (4600, 18)
[16:36:04] [INFO] [layers.input_layer] Target column set to price
[16:36:04] [INFO] [pipeline] [Layer 2] Schema Detection
[16:36:04] [DEBUG] [layers.schema_detection] Datetime column: date
[16:36:04] [DEBUG] [layers.schema_detection] Numeric-coded categorical column: bedrooms
[16:36:04] [DEBUG] [layers.schema_detection] Numerical column: bathrooms
[16:36:04] [DEBUG] [layers.schema_detection] Numerical column: sqft_living
[16:36:04] [DEBUG] [layers.schema_detection] Numerical column: sqft_lot
[16:36:04] [DEBUG] [layers.schema_detection] Numerical column: floors
[16:36:04] [DEBUG] [layers.schema_detection] Binary column: waterfront
[16:36:04] [DEBUG] [layers.schema_detection] Numeric-coded categorical column: view
[16:36:04] [DEBUG] [layers.schema_detection] Numeric-coded categorical column: condition
[16:36:04] [DEBUG] [layers.schema_detection] Numerical column: sqft_above
[16:36:04] [DEBUG] [layers.schema_detection] Numerical column: sqft_basement
[16:36:04] [DEBUG] [layers.schema_detection] Numerical column: yr_built
[16:36:04] [DEBUG] [layers.schema_detection] Numerical column: yr_renovated
[16:36:04] [DEBUG] [layers.schema_detection] ID-like column: street
[16:36:04] [DEBUG] [layers.schema_detection] Categorical column: city
[16:36:04] [DEBUG] [layers.schema_detection] Categorical column: statezip
[16:36:04] [DEBUG] [layers.schema_detection] Drop constant column: country
[16:36:04] [INFO] [layers.schema_detection] numerical       -> ['bathrooms', 'sqft_living', 'sqft_lot', 'floors', 'sqft_above', 'sqft_basement', 'yr_built', 'yr_renovated']
[16:36:04] [INFO] [layers.schema_detection] categorical     -> ['bedrooms', 'view', 'condition', 'city', 'statezip']
[16:36:04] [INFO] [layers.schema_detection] binary          -> ['waterfront']
[16:36:04] [INFO] [layers.schema_detection] datetime        -> ['date']
[16:36:04] [INFO] [layers.schema_detection] id_columns      -> ['street']
[16:36:04] [INFO] [layers.schema_detection] drop_columns    -> ['country']
[16:36:04] [INFO] [pipeline] [Layer 3] Data Profiling
[16:36:04] [INFO] [layers.data_profiling] Regression target summary computed
[16:36:04] [INFO] [layers.data_profiling] Correlation matrix computed for 8 numerical columns
[16:36:04] [INFO] [layers.data_profiling] Profiling complete - 17 features analyzed
[16:36:04] [INFO] [pipeline] [Layer 4] Data Quality
[16:36:04] [INFO] [layers.data_quality] Quality check complete
[16:36:04] [INFO] [pipeline] [Layer 5] Decision Engine
[16:36:04] [INFO] [layers.decision_engine] Decision -> drop column: country
[16:36:04] [INFO] [layers.decision_engine] Decision -> drop column: street
[16:36:04] [INFO] [layers.decision_engine] Decision -> extract datetime features: date
[16:36:04] [INFO] [layers.decision_engine] Decision -> standard scale: bathrooms
[16:36:04] [INFO] [layers.decision_engine] Decision -> min-max scale: sqft_living
[16:36:04] [INFO] [layers.decision_engine] Decision -> cap outliers (ratio=0.12): sqft_lot
[16:36:04] [INFO] [layers.decision_engine] Decision -> min-max scale: sqft_lot
[16:36:04] [INFO] [layers.decision_engine] Decision -> standard scale: floors
[16:36:04] [INFO] [layers.decision_engine] Decision -> min-max scale: sqft_above
[16:36:04] [INFO] [layers.decision_engine] Decision -> min-max scale: sqft_basement
[16:36:04] [INFO] [layers.decision_engine] Decision -> standard scale: yr_built
[16:36:04] [INFO] [layers.decision_engine] Decision -> standard scale: yr_renovated
[16:36:04] [INFO] [layers.decision_engine] Decision -> one-hot encode: bedrooms
[16:36:04] [INFO] [layers.decision_engine] Decision -> one-hot encode: view
[16:36:04] [INFO] [layers.decision_engine] Decision -> one-hot encode: condition
[16:36:04] [INFO] [layers.decision_engine] Decision -> label encode: city
[16:36:04] [INFO] [layers.decision_engine] Decision -> label encode: statezip
[16:36:04] [INFO] [layers.decision_engine] Decision -> label encode (binary): waterfront
[16:36:04] [INFO] [layers.decision_engine] Decision engine complete
[16:36:04] [INFO] [pipeline] [Layer 6] Transformer
[16:36:04] [INFO] [layers.transformer] Dropped columns: ['country', 'street']
[16:36:04] [INFO] [layers.transformer] Extracted datetime features from date
[16:36:04] [INFO] [layers.transformer] Capped 541 outliers in sqft_lot
[16:36:04] [INFO] [layers.transformer] One-hot encoded columns: ['bedrooms', 'view', 'condition']
[16:36:04] [INFO] [layers.transformer] Label encoded: city
[16:36:04] [INFO] [layers.transformer] Label encoded: statezip
[16:36:04] [INFO] [layers.transformer] Label encoded: waterfront
[16:36:04] [INFO] [layers.transformer] Applied standard scaling: ['bathrooms', 'floors', 'yr_built', 'yr_renovated']
[16:36:04] [INFO] [layers.transformer] Applied min-max scaling: ['sqft_living', 'sqft_lot', 'sqft_above', 'sqft_basement']
[16:36:04] [INFO] [layers.transformer] Clean CSV saved to C:\Users\Navjot Kaushal\OneDrive\projects\ML Major Projects\Data Engine\data\output\json_data\output_cleaned.csv
[16:36:04] [INFO] [layers.transformer] Final shape: 4600 rows x 36 columns
[16:36:04] [INFO] [pipeline] =======================================================
[16:36:04] [INFO] [pipeline] PIPELINE COMPLETE
[16:36:04] [INFO] [pipeline] Clean CSV  -> C:\Users\Navjot Kaushal\OneDrive\projects\ML Major Projects\Data Engine\data\output\json_data\clean_output.csv
[16:36:04] [INFO] [pipeline] Full report -> C:\Users\Navjot Kaushal\OneDrive\projects\ML Major Projects\Data Engine\data\output\json_data\data_report.json
[16:36:04] [INFO] [pipeline] Logs       -> data/output/logger_run.log
[16:36:04] [INFO] [pipeline] =======================================================
[16:38:22] [INFO] [pipeline] =======================================================
[16:38:22] [INFO] [pipeline] DATA INTELLIGENCE LAYER - Pipeline Start
[16:38:22] [INFO] [pipeline] =======================================================
[16:38:22] [INFO] [pipeline] [Layer 1] Data Input
[16:38:32] [INFO] [layers.input_layer] Dataset loaded from C:\Users\Navjot Kaushal\OneDrive\projects\ML Major Projects\Data Engine\Datasets\data.csv - shape: (4600, 18)
[16:38:32] [DEBUG] [layers.input_layer] Columns normalized: ['date', 'price', 'bedrooms', 'bathrooms', 'sqft_living', 'sqft_lot', 'floors', 'waterfront', 'view', 'condition', 'sqft_above', 'sqft_basement', 'yr_built', 'yr_renovated', 'street', 'city', 'statezip', 'country']
[16:38:32] [INFO] [layers.input_layer] Dataset validated - shape: (4600, 18)
[16:38:34] [INFO] [layers.input_layer] Target column set to price
[16:38:34] [INFO] [pipeline] [Layer 2] Schema Detection
[16:38:34] [DEBUG] [layers.schema_detection] Datetime column: date
[16:38:34] [DEBUG] [layers.schema_detection] Numeric-coded categorical column: bedrooms
[16:38:34] [DEBUG] [layers.schema_detection] Numerical column: bathrooms
[16:38:34] [DEBUG] [layers.schema_detection] Numerical column: sqft_living
[16:38:34] [DEBUG] [layers.schema_detection] Numerical column: sqft_lot
[16:38:34] [DEBUG] [layers.schema_detection] Numerical column: floors
[16:38:34] [DEBUG] [layers.schema_detection] Binary column: waterfront
[16:38:34] [DEBUG] [layers.schema_detection] Numeric-coded categorical column: view
[16:38:34] [DEBUG] [layers.schema_detection] Numeric-coded categorical column: condition
[16:38:34] [DEBUG] [layers.schema_detection] Numerical column: sqft_above
[16:38:34] [DEBUG] [layers.schema_detection] Numerical column: sqft_basement
[16:38:34] [DEBUG] [layers.schema_detection] Numerical column: yr_built
[16:38:34] [DEBUG] [layers.schema_detection] Numerical column: yr_renovated
[16:38:34] [DEBUG] [layers.schema_detection] ID-like column: street
[16:38:34] [DEBUG] [layers.schema_detection] Categorical column: city
[16:38:34] [DEBUG] [layers.schema_detection] Categorical column: statezip
[16:38:34] [DEBUG] [layers.schema_detection] Drop constant column: country
[16:38:34] [INFO] [layers.schema_detection] numerical       -> ['bathrooms', 'sqft_living', 'sqft_lot', 'floors', 'sqft_above', 'sqft_basement', 'yr_built', 'yr_renovated']
[16:38:34] [INFO] [layers.schema_detection] categorical     -> ['bedrooms', 'view', 'condition', 'city', 'statezip']
[16:38:34] [INFO] [layers.schema_detection] binary          -> ['waterfront']
[16:38:34] [INFO] [layers.schema_detection] datetime        -> ['date']
[16:38:34] [INFO] [layers.schema_detection] id_columns      -> ['street']
[16:38:34] [INFO] [layers.schema_detection] drop_columns    -> ['country']
[16:38:34] [INFO] [pipeline] [Layer 3] Data Profiling
[16:38:34] [INFO] [layers.data_profiling] Regression target summary computed
[16:38:34] [INFO] [layers.data_profiling] Correlation matrix computed for 8 numerical columns
[16:38:34] [INFO] [layers.data_profiling] Profiling complete - 17 features analyzed
[16:38:34] [INFO] [pipeline] [Layer 4] Data Quality
[16:38:34] [INFO] [layers.data_quality] Quality check complete
[16:38:34] [INFO] [pipeline] [Layer 5] Decision Engine
[16:38:34] [INFO] [layers.decision_engine] Decision -> drop column: country
[16:38:34] [INFO] [layers.decision_engine] Decision -> drop column: street
[16:38:34] [INFO] [layers.decision_engine] Decision -> extract datetime features: date
[16:38:34] [INFO] [layers.decision_engine] Decision -> standard scale: bathrooms
[16:38:34] [INFO] [layers.decision_engine] Decision -> min-max scale: sqft_living
[16:38:34] [INFO] [layers.decision_engine] Decision -> cap outliers (ratio=0.12): sqft_lot
[16:38:34] [INFO] [layers.decision_engine] Decision -> min-max scale: sqft_lot
[16:38:34] [INFO] [layers.decision_engine] Decision -> standard scale: floors
[16:38:34] [INFO] [layers.decision_engine] Decision -> min-max scale: sqft_above
[16:38:34] [INFO] [layers.decision_engine] Decision -> min-max scale: sqft_basement
[16:38:34] [INFO] [layers.decision_engine] Decision -> standard scale: yr_built
[16:38:34] [INFO] [layers.decision_engine] Decision -> standard scale: yr_renovated
[16:38:34] [INFO] [layers.decision_engine] Decision -> one-hot encode: bedrooms
[16:38:34] [INFO] [layers.decision_engine] Decision -> one-hot encode: view
[16:38:34] [INFO] [layers.decision_engine] Decision -> one-hot encode: condition
[16:38:34] [INFO] [layers.decision_engine] Decision -> label encode: city
[16:38:34] [INFO] [layers.decision_engine] Decision -> label encode: statezip
[16:38:34] [INFO] [layers.decision_engine] Decision -> label encode (binary): waterfront
[16:38:34] [INFO] [layers.decision_engine] Decision engine complete
[16:38:34] [INFO] [pipeline] [Layer 6] Transformer
[16:38:34] [INFO] [layers.transformer] Dropped columns: ['country', 'street']
[16:38:34] [INFO] [layers.transformer] Extracted datetime features from date
[16:38:34] [INFO] [layers.transformer] Capped 541 outliers in sqft_lot
[16:38:34] [INFO] [layers.transformer] One-hot encoded columns: ['bedrooms', 'view', 'condition']
[16:38:34] [INFO] [layers.transformer] Label encoded: city
[16:38:34] [INFO] [layers.transformer] Label encoded: statezip
[16:38:34] [INFO] [layers.transformer] Label encoded: waterfront
[16:38:34] [INFO] [layers.transformer] Applied standard scaling: ['bathrooms', 'floors', 'yr_built', 'yr_renovated']
[16:38:34] [INFO] [layers.transformer] Applied min-max scaling: ['sqft_living', 'sqft_lot', 'sqft_above', 'sqft_basement']
[16:38:34] [INFO] [layers.transformer] Clean CSV saved to C:\Users\Navjot Kaushal\OneDrive\projects\ML Major Projects\Data Engine\data\output\cleaned_data\output_cleaned.csv
[16:38:34] [INFO] [layers.transformer] Final shape: 4600 rows x 36 columns
[16:38:34] [INFO] [pipeline] =======================================================
[16:38:34] [INFO] [pipeline] PIPELINE COMPLETE
[16:38:34] [INFO] [pipeline] Clean CSV  -> C:\Users\Navjot Kaushal\OneDrive\projects\ML Major Projects\Data Engine\data\output\cleaned_data\clean_output.csv
[16:38:34] [INFO] [pipeline] Full report -> C:\Users\Navjot Kaushal\OneDrive\projects\ML Major Projects\Data Engine\data\output\cleaned_data\data_report.json
[16:38:34] [INFO] [pipeline] Logs       -> data/output/logger_run.log
[16:38:34] [INFO] [pipeline] =======================================================
[16:44:01] [INFO] [pipeline] =======================================================
[16:44:01] [INFO] [pipeline] DATA INTELLIGENCE LAYER - Pipeline Start
[16:44:01] [INFO] [pipeline] =======================================================
[16:44:01] [INFO] [pipeline] [Layer 1] Data Input
[16:44:09] [INFO] [layers.input_layer] Dataset loaded from C:\Users\Navjot Kaushal\OneDrive\projects\ML Major Projects\Data Engine\Datasets\data.csv - shape: (4600, 18)
[16:44:09] [DEBUG] [layers.input_layer] Columns normalized: ['date', 'price', 'bedrooms', 'bathrooms', 'sqft_living', 'sqft_lot', 'floors', 'waterfront', 'view', 'condition', 'sqft_above', 'sqft_basement', 'yr_built', 'yr_renovated', 'street', 'city', 'statezip', 'country']
[16:44:09] [INFO] [layers.input_layer] Dataset validated - shape: (4600, 18)
[16:44:12] [INFO] [layers.input_layer] Target column set to price
[16:44:12] [INFO] [pipeline] [Layer 2] Schema Detection
[16:44:12] [DEBUG] [layers.schema_detection] Datetime column: date
[16:44:12] [DEBUG] [layers.schema_detection] Numeric-coded categorical column: bedrooms
[16:44:12] [DEBUG] [layers.schema_detection] Numerical column: bathrooms
[16:44:12] [DEBUG] [layers.schema_detection] Numerical column: sqft_living
[16:44:12] [DEBUG] [layers.schema_detection] Numerical column: sqft_lot
[16:44:12] [DEBUG] [layers.schema_detection] Numerical column: floors
[16:44:12] [DEBUG] [layers.schema_detection] Binary column: waterfront
[16:44:12] [DEBUG] [layers.schema_detection] Numeric-coded categorical column: view
[16:44:12] [DEBUG] [layers.schema_detection] Numeric-coded categorical column: condition
[16:44:12] [DEBUG] [layers.schema_detection] Numerical column: sqft_above
[16:44:12] [DEBUG] [layers.schema_detection] Numerical column: sqft_basement
[16:44:12] [DEBUG] [layers.schema_detection] Numerical column: yr_built
[16:44:12] [DEBUG] [layers.schema_detection] Numerical column: yr_renovated
[16:44:12] [DEBUG] [layers.schema_detection] ID-like column: street
[16:44:12] [DEBUG] [layers.schema_detection] Categorical column: city
[16:44:12] [DEBUG] [layers.schema_detection] Categorical column: statezip
[16:44:12] [DEBUG] [layers.schema_detection] Drop constant column: country
[16:44:12] [INFO] [layers.schema_detection] numerical       -> ['bathrooms', 'sqft_living', 'sqft_lot', 'floors', 'sqft_above', 'sqft_basement', 'yr_built', 'yr_renovated']
[16:44:12] [INFO] [layers.schema_detection] categorical     -> ['bedrooms', 'view', 'condition', 'city', 'statezip']
[16:44:12] [INFO] [layers.schema_detection] binary          -> ['waterfront']
[16:44:12] [INFO] [layers.schema_detection] datetime        -> ['date']
[16:44:12] [INFO] [layers.schema_detection] id_columns      -> ['street']
[16:44:12] [INFO] [layers.schema_detection] drop_columns    -> ['country']
[16:44:12] [INFO] [pipeline] [Layer 3] Data Profiling
[16:44:12] [INFO] [layers.data_profiling] Regression target summary computed
[16:44:12] [INFO] [layers.data_profiling] Correlation matrix computed for 8 numerical columns
[16:44:12] [INFO] [layers.data_profiling] Profiling complete - 17 features analyzed
[16:44:12] [INFO] [pipeline] [Layer 4] Data Quality
[16:44:12] [INFO] [layers.data_quality] Quality check complete
[16:44:12] [INFO] [pipeline] [Layer 5] Decision Engine
[16:44:12] [INFO] [layers.decision_engine] Decision -> drop column: country
[16:44:12] [INFO] [layers.decision_engine] Decision -> drop column: street
[16:44:12] [INFO] [layers.decision_engine] Decision -> extract datetime features: date
[16:44:12] [INFO] [layers.decision_engine] Decision -> standard scale: bathrooms
[16:44:12] [INFO] [layers.decision_engine] Decision -> min-max scale: sqft_living
[16:44:12] [INFO] [layers.decision_engine] Decision -> cap outliers (ratio=0.12): sqft_lot
[16:44:12] [INFO] [layers.decision_engine] Decision -> min-max scale: sqft_lot
[16:44:12] [INFO] [layers.decision_engine] Decision -> standard scale: floors
[16:44:12] [INFO] [layers.decision_engine] Decision -> min-max scale: sqft_above
[16:44:12] [INFO] [layers.decision_engine] Decision -> min-max scale: sqft_basement
[16:44:12] [INFO] [layers.decision_engine] Decision -> standard scale: yr_built
[16:44:12] [INFO] [layers.decision_engine] Decision -> standard scale: yr_renovated
[16:44:12] [INFO] [layers.decision_engine] Decision -> one-hot encode: bedrooms
[16:44:12] [INFO] [layers.decision_engine] Decision -> one-hot encode: view
[16:44:12] [INFO] [layers.decision_engine] Decision -> one-hot encode: condition
[16:44:12] [INFO] [layers.decision_engine] Decision -> label encode: city
[16:44:12] [INFO] [layers.decision_engine] Decision -> label encode: statezip
[16:44:12] [INFO] [layers.decision_engine] Decision -> label encode (binary): waterfront
[16:44:12] [INFO] [layers.decision_engine] Decision engine complete
[16:44:12] [INFO] [pipeline] [Layer 6] Transformer
[16:44:56] [INFO] [pipeline] =======================================================
[16:44:56] [INFO] [pipeline] DATA INTELLIGENCE LAYER - Pipeline Start
[16:44:56] [INFO] [pipeline] =======================================================
[16:44:56] [INFO] [pipeline] [Layer 1] Data Input
[16:45:02] [INFO] [layers.input_layer] Dataset loaded from C:\Users\Navjot Kaushal\OneDrive\projects\ML Major Projects\Data Engine\Datasets\data.csv - shape: (4600, 18)
[16:45:02] [DEBUG] [layers.input_layer] Columns normalized: ['date', 'price', 'bedrooms', 'bathrooms', 'sqft_living', 'sqft_lot', 'floors', 'waterfront', 'view', 'condition', 'sqft_above', 'sqft_basement', 'yr_built', 'yr_renovated', 'street', 'city', 'statezip', 'country']
[16:45:02] [INFO] [layers.input_layer] Dataset validated - shape: (4600, 18)
[16:45:04] [INFO] [layers.input_layer] Target column set to price
[16:45:04] [INFO] [pipeline] [Layer 2] Schema Detection
[16:45:04] [DEBUG] [layers.schema_detection] Datetime column: date
[16:45:04] [DEBUG] [layers.schema_detection] Numeric-coded categorical column: bedrooms
[16:45:04] [DEBUG] [layers.schema_detection] Numerical column: bathrooms
[16:45:04] [DEBUG] [layers.schema_detection] Numerical column: sqft_living
[16:45:04] [DEBUG] [layers.schema_detection] Numerical column: sqft_lot
[16:45:04] [DEBUG] [layers.schema_detection] Numerical column: floors
[16:45:04] [DEBUG] [layers.schema_detection] Binary column: waterfront
[16:45:04] [DEBUG] [layers.schema_detection] Numeric-coded categorical column: view
[16:45:04] [DEBUG] [layers.schema_detection] Numeric-coded categorical column: condition
[16:45:04] [DEBUG] [layers.schema_detection] Numerical column: sqft_above
[16:45:04] [DEBUG] [layers.schema_detection] Numerical column: sqft_basement
[16:45:04] [DEBUG] [layers.schema_detection] Numerical column: yr_built
[16:45:04] [DEBUG] [layers.schema_detection] Numerical column: yr_renovated
[16:45:05] [DEBUG] [layers.schema_detection] ID-like column: street
[16:45:05] [DEBUG] [layers.schema_detection] Categorical column: city
[16:45:05] [DEBUG] [layers.schema_detection] Categorical column: statezip
[16:45:05] [DEBUG] [layers.schema_detection] Drop constant column: country
[16:45:05] [INFO] [layers.schema_detection] numerical       -> ['bathrooms', 'sqft_living', 'sqft_lot', 'floors', 'sqft_above', 'sqft_basement', 'yr_built', 'yr_renovated']
[16:45:05] [INFO] [layers.schema_detection] categorical     -> ['bedrooms', 'view', 'condition', 'city', 'statezip']
[16:45:05] [INFO] [layers.schema_detection] binary          -> ['waterfront']
[16:45:05] [INFO] [layers.schema_detection] datetime        -> ['date']
[16:45:05] [INFO] [layers.schema_detection] id_columns      -> ['street']
[16:45:05] [INFO] [layers.schema_detection] drop_columns    -> ['country']
[16:45:05] [INFO] [pipeline] [Layer 3] Data Profiling
[16:45:05] [INFO] [layers.data_profiling] Regression target summary computed
[16:45:05] [INFO] [layers.data_profiling] Correlation matrix computed for 8 numerical columns
[16:45:05] [INFO] [layers.data_profiling] Profiling complete - 17 features analyzed
[16:45:05] [INFO] [pipeline] [Layer 4] Data Quality
[16:45:05] [INFO] [layers.data_quality] Quality check complete
[16:45:05] [INFO] [pipeline] [Layer 5] Decision Engine
[16:45:05] [INFO] [layers.decision_engine] Decision -> drop column: country
[16:45:05] [INFO] [layers.decision_engine] Decision -> drop column: street
[16:45:05] [INFO] [layers.decision_engine] Decision -> extract datetime features: date
[16:45:05] [INFO] [layers.decision_engine] Decision -> standard scale: bathrooms
[16:45:05] [INFO] [layers.decision_engine] Decision -> min-max scale: sqft_living
[16:45:05] [INFO] [layers.decision_engine] Decision -> cap outliers (ratio=0.12): sqft_lot
[16:45:05] [INFO] [layers.decision_engine] Decision -> min-max scale: sqft_lot
[16:45:05] [INFO] [layers.decision_engine] Decision -> standard scale: floors
[16:45:05] [INFO] [layers.decision_engine] Decision -> min-max scale: sqft_above
[16:45:05] [INFO] [layers.decision_engine] Decision -> min-max scale: sqft_basement
[16:45:05] [INFO] [layers.decision_engine] Decision -> standard scale: yr_built
[16:45:05] [INFO] [layers.decision_engine] Decision -> standard scale: yr_renovated
[16:45:05] [INFO] [layers.decision_engine] Decision -> one-hot encode: bedrooms
[16:45:05] [INFO] [layers.decision_engine] Decision -> one-hot encode: view
[16:45:05] [INFO] [layers.decision_engine] Decision -> one-hot encode: condition
[16:45:05] [INFO] [layers.decision_engine] Decision -> label encode: city
[16:45:05] [INFO] [layers.decision_engine] Decision -> label encode: statezip
[16:45:05] [INFO] [layers.decision_engine] Decision -> label encode (binary): waterfront
[16:45:05] [INFO] [layers.decision_engine] Decision engine complete
[16:45:05] [INFO] [pipeline] [Layer 6] Transformer
[16:45:05] [INFO] [layers.transformer] Dropped columns: ['country', 'street']
[16:45:05] [INFO] [layers.transformer] Extracted datetime features from date
[16:45:05] [INFO] [layers.transformer] Capped 541 outliers in sqft_lot
[16:45:05] [INFO] [layers.transformer] One-hot encoded columns: ['bedrooms', 'view', 'condition']
[16:45:05] [INFO] [layers.transformer] Label encoded: city
[16:45:05] [INFO] [layers.transformer] Label encoded: statezip
[16:45:05] [INFO] [layers.transformer] Label encoded: waterfront
[16:45:05] [INFO] [layers.transformer] Applied standard scaling: ['bathrooms', 'floors', 'yr_built', 'yr_renovated']
[16:45:05] [INFO] [layers.transformer] Applied min-max scaling: ['sqft_living', 'sqft_lot', 'sqft_above', 'sqft_basement']
[16:45:05] [INFO] [layers.transformer] Clean CSV saved to C:\Users\Navjot Kaushal\OneDrive\projects\ML Major Projects\Data Engine\data\output\cleaned_data\output_cleaned.csv
[16:45:05] [INFO] [layers.transformer] Final shape: 4600 rows x 36 columns
[16:45:05] [INFO] [pipeline] =======================================================
[16:45:05] [INFO] [pipeline] PIPELINE COMPLETE
[16:45:05] [INFO] [pipeline] Clean CSV  -> C:\Users\Navjot Kaushal\OneDrive\projects\ML Major Projects\Data Engine\data\output\cleaned_data\clean_output.csv
[16:45:05] [INFO] [pipeline] Full report -> C:\Users\Navjot Kaushal\OneDrive\projects\ML Major Projects\Data Engine\data\output\json_data\data_report.json
[16:45:05] [INFO] [pipeline] Logs       -> data/output/logger_run.log
[16:45:05] [INFO] [pipeline] =======================================================
[16:46:02] [INFO] [pipeline] =======================================================
[16:46:02] [INFO] [pipeline] DATA INTELLIGENCE LAYER - Pipeline Start
[16:46:02] [INFO] [pipeline] =======================================================
[16:46:02] [INFO] [pipeline] [Layer 1] Data Input
[16:46:10] [INFO] [layers.input_layer] Dataset loaded from C:\Users\Navjot Kaushal\OneDrive\projects\ML Major Projects\Data Engine\Datasets\data.csv - shape: (4600, 18)
[16:46:10] [DEBUG] [layers.input_layer] Columns normalized: ['date', 'price', 'bedrooms', 'bathrooms', 'sqft_living', 'sqft_lot', 'floors', 'waterfront', 'view', 'condition', 'sqft_above', 'sqft_basement', 'yr_built', 'yr_renovated', 'street', 'city', 'statezip', 'country']
[16:46:10] [INFO] [layers.input_layer] Dataset validated - shape: (4600, 18)
[16:46:13] [INFO] [layers.input_layer] Target column set to price
[16:46:13] [INFO] [pipeline] [Layer 2] Schema Detection
[16:46:13] [DEBUG] [layers.schema_detection] Datetime column: date
[16:46:13] [DEBUG] [layers.schema_detection] Numeric-coded categorical column: bedrooms
[16:46:13] [DEBUG] [layers.schema_detection] Numerical column: bathrooms
[16:46:13] [DEBUG] [layers.schema_detection] Numerical column: sqft_living
[16:46:13] [DEBUG] [layers.schema_detection] Numerical column: sqft_lot
[16:46:13] [DEBUG] [layers.schema_detection] Numerical column: floors
[16:46:13] [DEBUG] [layers.schema_detection] Binary column: waterfront
[16:46:13] [DEBUG] [layers.schema_detection] Numeric-coded categorical column: view
[16:46:13] [DEBUG] [layers.schema_detection] Numeric-coded categorical column: condition
[16:46:13] [DEBUG] [layers.schema_detection] Numerical column: sqft_above
[16:46:13] [DEBUG] [layers.schema_detection] Numerical column: sqft_basement
[16:46:14] [DEBUG] [layers.schema_detection] Numerical column: yr_built
[16:46:14] [DEBUG] [layers.schema_detection] Numerical column: yr_renovated
[16:46:14] [DEBUG] [layers.schema_detection] ID-like column: street
[16:46:14] [DEBUG] [layers.schema_detection] Categorical column: city
[16:46:14] [DEBUG] [layers.schema_detection] Categorical column: statezip
[16:46:14] [DEBUG] [layers.schema_detection] Drop constant column: country
[16:46:14] [INFO] [layers.schema_detection] numerical       -> ['bathrooms', 'sqft_living', 'sqft_lot', 'floors', 'sqft_above', 'sqft_basement', 'yr_built', 'yr_renovated']
[16:46:14] [INFO] [layers.schema_detection] categorical     -> ['bedrooms', 'view', 'condition', 'city', 'statezip']
[16:46:14] [INFO] [layers.schema_detection] binary          -> ['waterfront']
[16:46:14] [INFO] [layers.schema_detection] datetime        -> ['date']
[16:46:14] [INFO] [layers.schema_detection] id_columns      -> ['street']
[16:46:14] [INFO] [layers.schema_detection] drop_columns    -> ['country']
[16:46:14] [INFO] [pipeline] [Layer 3] Data Profiling
[16:46:14] [INFO] [layers.data_profiling] Regression target summary computed
[16:46:14] [INFO] [layers.data_profiling] Correlation matrix computed for 8 numerical columns
[16:46:14] [INFO] [layers.data_profiling] Profiling complete - 17 features analyzed
[16:46:14] [INFO] [pipeline] [Layer 4] Data Quality
[16:46:14] [INFO] [layers.data_quality] Quality check complete
[16:46:14] [INFO] [pipeline] [Layer 5] Decision Engine
[16:46:14] [INFO] [layers.decision_engine] Decision -> drop column: country
[16:46:14] [INFO] [layers.decision_engine] Decision -> drop column: street
[16:46:14] [INFO] [layers.decision_engine] Decision -> extract datetime features: date
[16:46:14] [INFO] [layers.decision_engine] Decision -> standard scale: bathrooms
[16:46:14] [INFO] [layers.decision_engine] Decision -> min-max scale: sqft_living
[16:46:14] [INFO] [layers.decision_engine] Decision -> cap outliers (ratio=0.12): sqft_lot
[16:46:14] [INFO] [layers.decision_engine] Decision -> min-max scale: sqft_lot
[16:46:14] [INFO] [layers.decision_engine] Decision -> standard scale: floors
[16:46:14] [INFO] [layers.decision_engine] Decision -> min-max scale: sqft_above
[16:46:14] [INFO] [layers.decision_engine] Decision -> min-max scale: sqft_basement
[16:46:14] [INFO] [layers.decision_engine] Decision -> standard scale: yr_built
[16:46:14] [INFO] [layers.decision_engine] Decision -> standard scale: yr_renovated
[16:46:14] [INFO] [layers.decision_engine] Decision -> one-hot encode: bedrooms
[16:46:14] [INFO] [layers.decision_engine] Decision -> one-hot encode: view
[16:46:14] [INFO] [layers.decision_engine] Decision -> one-hot encode: condition
[16:46:14] [INFO] [layers.decision_engine] Decision -> label encode: city
[16:46:14] [INFO] [layers.decision_engine] Decision -> label encode: statezip
[16:46:14] [INFO] [layers.decision_engine] Decision -> label encode (binary): waterfront
[16:46:14] [INFO] [layers.decision_engine] Decision engine complete
[16:46:14] [INFO] [pipeline] [Layer 6] Transformer
[16:46:14] [INFO] [layers.transformer] Dropped columns: ['country', 'street']
[16:46:14] [INFO] [layers.transformer] Extracted datetime features from date
[16:46:14] [INFO] [layers.transformer] Capped 541 outliers in sqft_lot
[16:46:14] [INFO] [layers.transformer] One-hot encoded columns: ['bedrooms', 'view', 'condition']
[16:46:14] [INFO] [layers.transformer] Label encoded: city
[16:46:14] [INFO] [layers.transformer] Label encoded: statezip
[16:46:14] [INFO] [layers.transformer] Label encoded: waterfront
[16:46:14] [INFO] [layers.transformer] Applied standard scaling: ['bathrooms', 'floors', 'yr_built', 'yr_renovated']
[16:46:14] [INFO] [layers.transformer] Applied min-max scaling: ['sqft_living', 'sqft_lot', 'sqft_above', 'sqft_basement']
[16:46:14] [INFO] [layers.transformer] Clean CSV saved to C:\Users\Navjot Kaushal\OneDrive\projects\ML Major Projects\Data Engine\data\output\cleaned_data\output_cleaned.csv
[16:46:14] [INFO] [layers.transformer] Final shape: 4600 rows x 36 columns
[16:46:14] [INFO] [pipeline] =======================================================
[16:46:14] [INFO] [pipeline] PIPELINE COMPLETE
[16:46:14] [INFO] [pipeline] Clean CSV  -> C:\Users\Navjot Kaushal\OneDrive\projects\ML Major Projects\Data Engine\data\output\cleaned_data\clean_output.csv
[16:46:14] [INFO] [pipeline] Full report -> C:\Users\Navjot Kaushal\OneDrive\projects\ML Major Projects\Data Engine\data\output\json_data\data_report.json
[16:46:14] [INFO] [pipeline] Logs       -> data/output/logger_run.log
[16:46:14] [INFO] [pipeline] =======================================================
[16:49:03] [INFO] [pipeline] =======================================================
[16:49:03] [INFO] [pipeline] DATA INTELLIGENCE LAYER - Pipeline Start
[16:49:03] [INFO] [pipeline] =======================================================
[16:49:03] [INFO] [pipeline] [Layer 1] Data Input
[16:49:16] [INFO] [layers.input_layer] Dataset loaded from C:\Users\Navjot Kaushal\OneDrive\projects\ML Major Projects\Data Engine\Datasets\ai_resume_screening.csv - shape: (30000, 7)
[16:49:16] [DEBUG] [layers.input_layer] Columns normalized: ['years_experience', 'skills_match_score', 'education_level', 'project_count', 'resume_length', 'github_activity', 'shortlisted']
[16:49:16] [INFO] [layers.input_layer] Dataset validated - shape: (30000, 7)
[16:49:22] [INFO] [layers.input_layer] Target column set to shortlisted
[16:49:22] [INFO] [pipeline] [Layer 2] Schema Detection
[16:49:22] [DEBUG] [layers.schema_detection] Numerical column: years_experience
[16:49:22] [DEBUG] [layers.schema_detection] Numerical column: skills_match_score
[16:49:22] [DEBUG] [layers.schema_detection] Categorical column: education_level
[16:49:22] [DEBUG] [layers.schema_detection] Numerical column: project_count
[16:49:22] [DEBUG] [layers.schema_detection] Numerical column: resume_length
[16:49:22] [DEBUG] [layers.schema_detection] Numerical column: github_activity
[16:49:22] [INFO] [layers.schema_detection] numerical       -> ['years_experience', 'skills_match_score', 'project_count', 'resume_length', 'github_activity']
[16:49:22] [INFO] [layers.schema_detection] categorical     -> ['education_level']
[16:49:22] [INFO] [pipeline] [Layer 3] Data Profiling
[16:49:22] [INFO] [layers.data_profiling] Class distribution computed for target
[16:49:22] [INFO] [layers.data_profiling] Correlation matrix computed for 5 numerical columns
[16:49:22] [INFO] [layers.data_profiling] Profiling complete - 6 features analyzed
[16:49:22] [INFO] [pipeline] [Layer 4] Data Quality
[16:49:22] [INFO] [layers.data_quality] Quality check complete
[16:49:22] [INFO] [pipeline] [Layer 5] Decision Engine
[16:49:22] [INFO] [layers.decision_engine] Decision -> standard scale: years_experience
[16:49:22] [INFO] [layers.decision_engine] Decision -> standard scale: skills_match_score
[16:49:22] [INFO] [layers.decision_engine] Decision -> standard scale: project_count
[16:49:22] [INFO] [layers.decision_engine] Decision -> standard scale: resume_length
[16:49:22] [INFO] [layers.decision_engine] Decision -> standard scale: github_activity
[16:49:22] [INFO] [layers.decision_engine] Decision -> one-hot encode: education_level
[16:49:22] [INFO] [layers.decision_engine] Decision engine complete
[16:49:22] [INFO] [pipeline] [Layer 6] Transformer
[16:49:22] [INFO] [layers.transformer] One-hot encoded columns: ['education_level']
[16:49:22] [INFO] [layers.transformer] Applied standard scaling: ['years_experience', 'skills_match_score', 'project_count', 'resume_length', 'github_activity']
[16:49:22] [INFO] [layers.transformer] Clean CSV saved to C:\Users\Navjot Kaushal\OneDrive\projects\ML Major Projects\Data Engine\data\output\cleaned_data\output_cleaned.csv
[16:49:22] [INFO] [layers.transformer] Final shape: 30000 rows x 10 columns
[16:49:22] [INFO] [pipeline] =======================================================
[16:49:22] [INFO] [pipeline] PIPELINE COMPLETE
[16:49:22] [INFO] [pipeline] Clean CSV  -> C:\Users\Navjot Kaushal\OneDrive\projects\ML Major Projects\Data Engine\data\output\cleaned_data\clean_output.csv
[16:49:22] [INFO] [pipeline] Full report -> C:\Users\Navjot Kaushal\OneDrive\projects\ML Major Projects\Data Engine\data\output\json_data\data_report.json
[16:49:22] [INFO] [pipeline] Logs       -> data/output/logger_run.log
[16:49:22] [INFO] [pipeline] =======================================================
[16:54:33] [INFO] [pipeline] =======================================================
[16:54:33] [INFO] [pipeline] DATA INTELLIGENCE LAYER - Pipeline Start
[16:54:33] [INFO] [pipeline] =======================================================
[16:54:33] [INFO] [pipeline] [Layer 1] Data Input
[16:54:45] [INFO] [layers.input_layer] Dataset loaded from C:\Users\Navjot Kaushal\OneDrive\projects\ML Major Projects\Data Engine\Datasets\data.csv - shape: (4600, 18)
[16:54:45] [ERROR] [layers.input_layer] Failed during input layer: Cannot save file into a non-existent directory: 'C:\Users\Navjot Kaushal\OneDrive\projects\ML Major Projects\Data Engine\layers\data\raw'
[16:57:03] [INFO] [pipeline] =======================================================
[16:57:03] [INFO] [pipeline] DATA INTELLIGENCE LAYER - Pipeline Start
[16:57:03] [INFO] [pipeline] =======================================================
[16:57:03] [INFO] [pipeline] [Layer 1] Data Input
[16:57:20] [INFO] [pipeline] =======================================================
[16:57:20] [INFO] [pipeline] DATA INTELLIGENCE LAYER - Pipeline Start
[16:57:20] [INFO] [pipeline] =======================================================
[16:57:20] [INFO] [pipeline] [Layer 1] Data Input
[16:57:27] [INFO] [layers.input_layer] Dataset loaded from C:\Users\Navjot Kaushal\OneDrive\projects\ML Major Projects\Data Engine\Datasets\data.csv - shape: (4600, 18)
[16:57:27] [ERROR] [layers.input_layer] Failed during input layer: [Errno 13] Permission denied: 'C:\\Users\\Navjot Kaushal\\OneDrive\\projects\\ML Major Projects\\Data Engine\\layers\\data\\raw\\output'
[17:17:52] [INFO] [pipeline] =======================================================
[17:17:52] [INFO] [pipeline] DATA INTELLIGENCE LAYER - Pipeline Start
[17:17:52] [INFO] [pipeline] =======================================================
[17:17:52] [INFO] [pipeline] [Layer 1] Data Input
[17:18:06] [INFO] [layers.input_layer] Dataset loaded from C:\Users\Navjot Kaushal\OneDrive\projects\ML Major Projects\Data Engine\Datasets\data.csv - shape: (4600, 18)
[17:18:06] [DEBUG] [layers.input_layer] Columns normalized: ['date', 'price', 'bedrooms', 'bathrooms', 'sqft_living', 'sqft_lot', 'floors', 'waterfront', 'view', 'condition', 'sqft_above', 'sqft_basement', 'yr_built', 'yr_renovated', 'street', 'city', 'statezip', 'country']
[17:18:06] [INFO] [layers.input_layer] Dataset validated - shape: (4600, 18)
[17:18:16] [INFO] [layers.input_layer] Target column set to price
[17:18:16] [INFO] [pipeline] [Layer 2] Schema Detection
[17:18:16] [DEBUG] [layers.schema_detection] Datetime column: date
[17:18:16] [DEBUG] [layers.schema_detection] Numeric-coded categorical column: bedrooms
[17:18:16] [DEBUG] [layers.schema_detection] Numerical column: bathrooms
[17:18:16] [DEBUG] [layers.schema_detection] Numerical column: sqft_living
[17:18:16] [DEBUG] [layers.schema_detection] Numerical column: sqft_lot
[17:18:16] [DEBUG] [layers.schema_detection] Numerical column: floors
[17:18:16] [DEBUG] [layers.schema_detection] Binary column: waterfront
[17:18:16] [DEBUG] [layers.schema_detection] Numeric-coded categorical column: view
[17:18:16] [DEBUG] [layers.schema_detection] Numeric-coded categorical column: condition
[17:18:17] [DEBUG] [layers.schema_detection] Numerical column: sqft_above
[17:18:17] [DEBUG] [layers.schema_detection] Numerical column: sqft_basement
[17:18:17] [DEBUG] [layers.schema_detection] Numerical column: yr_built
[17:18:17] [DEBUG] [layers.schema_detection] Numerical column: yr_renovated
[17:18:17] [DEBUG] [layers.schema_detection] ID-like column: street
[17:18:17] [DEBUG] [layers.schema_detection] Categorical column: city
[17:18:17] [DEBUG] [layers.schema_detection] Categorical column: statezip
[17:18:17] [DEBUG] [layers.schema_detection] Drop constant column: country
[17:18:17] [INFO] [layers.schema_detection] numerical       -> ['bathrooms', 'sqft_living', 'sqft_lot', 'floors', 'sqft_above', 'sqft_basement', 'yr_built', 'yr_renovated']
[17:18:17] [INFO] [layers.schema_detection] categorical     -> ['bedrooms', 'view', 'condition', 'city', 'statezip']
[17:18:17] [INFO] [layers.schema_detection] binary          -> ['waterfront']
[17:18:17] [INFO] [layers.schema_detection] datetime        -> ['date']
[17:18:17] [INFO] [layers.schema_detection] id_columns      -> ['street']
[17:18:17] [INFO] [layers.schema_detection] drop_columns    -> ['country']
[17:18:17] [INFO] [pipeline] [Layer 3] Data Profiling
[17:18:17] [INFO] [layers.data_profiling] Regression target summary computed
[17:18:17] [INFO] [layers.data_profiling] Correlation matrix computed for 8 numerical columns
[17:18:17] [INFO] [layers.data_profiling] Profiling complete - 17 features analyzed
[17:18:17] [INFO] [pipeline] [Layer 4] Data Quality
[17:18:17] [INFO] [layers.data_quality] Quality check complete
[17:18:17] [INFO] [pipeline] [Layer 5] Decision Engine
[17:18:17] [INFO] [layers.decision_engine] Decision -> drop column: country
[17:18:17] [INFO] [layers.decision_engine] Decision -> drop column: street
[17:18:17] [INFO] [layers.decision_engine] Decision -> extract datetime features: date
[17:18:17] [INFO] [layers.decision_engine] Decision -> standard scale: bathrooms
[17:18:17] [INFO] [layers.decision_engine] Decision -> min-max scale: sqft_living
[17:18:17] [INFO] [layers.decision_engine] Decision -> cap outliers (ratio=0.12): sqft_lot
[17:18:17] [INFO] [layers.decision_engine] Decision -> min-max scale: sqft_lot
[17:18:17] [INFO] [layers.decision_engine] Decision -> standard scale: floors
[17:18:17] [INFO] [layers.decision_engine] Decision -> min-max scale: sqft_above
[17:18:17] [INFO] [layers.decision_engine] Decision -> min-max scale: sqft_basement
[17:18:17] [INFO] [layers.decision_engine] Decision -> standard scale: yr_built
[17:18:17] [INFO] [layers.decision_engine] Decision -> standard scale: yr_renovated
[17:18:17] [INFO] [layers.decision_engine] Decision -> one-hot encode: bedrooms
[17:18:17] [INFO] [layers.decision_engine] Decision -> one-hot encode: view
[17:18:17] [INFO] [layers.decision_engine] Decision -> one-hot encode: condition
[17:18:17] [INFO] [layers.decision_engine] Decision -> label encode: city
[17:18:17] [INFO] [layers.decision_engine] Decision -> label encode: statezip
[17:18:17] [INFO] [layers.decision_engine] Decision -> label encode (binary): waterfront
[17:18:17] [INFO] [layers.decision_engine] Decision engine complete
[17:18:17] [INFO] [pipeline] [Layer 6] Transformer
[17:18:17] [INFO] [layers.transformer] Dropped columns: ['country', 'street']
[17:18:17] [INFO] [layers.transformer] Extracted datetime features from date
[17:18:17] [INFO] [layers.transformer] Capped 541 outliers in sqft_lot
[17:18:17] [INFO] [layers.transformer] One-hot encoded columns: ['bedrooms', 'view', 'condition']
[17:18:17] [INFO] [layers.transformer] Label encoded: city
[17:18:17] [INFO] [layers.transformer] Label encoded: statezip
[17:18:17] [INFO] [layers.transformer] Label encoded: waterfront
[17:18:17] [INFO] [layers.transformer] Applied standard scaling: ['bathrooms', 'floors', 'yr_built', 'yr_renovated']
[17:18:17] [INFO] [layers.transformer] Applied min-max scaling: ['sqft_living', 'sqft_lot', 'sqft_above', 'sqft_basement']
[17:18:17] [INFO] [layers.transformer] Clean CSV saved to C:\Users\Navjot Kaushal\OneDrive\projects\ML Major Projects\Data Engine\data\output\cleaned_data\output_cleaned.csv
[17:18:17] [INFO] [layers.transformer] Final shape: 4600 rows x 36 columns
[17:18:17] [INFO] [pipeline] =======================================================
[17:18:17] [INFO] [pipeline] PIPELINE COMPLETE
[17:18:17] [INFO] [pipeline] Clean CSV  -> C:\Users\Navjot Kaushal\OneDrive\projects\ML Major Projects\Data Engine\data\output\cleaned_data\clean_output.csv
[17:18:17] [INFO] [pipeline] Full report -> C:\Users\Navjot Kaushal\OneDrive\projects\ML Major Projects\Data Engine\data\output\json_data\data_report.json
[17:18:17] [INFO] [pipeline] Logs       -> data/output/logger_run.log
[17:18:17] [INFO] [pipeline] =======================================================
[17:20:06] [INFO] [pipeline] =======================================================
[17:20:06] [INFO] [pipeline] DATA INTELLIGENCE LAYER - Pipeline Start
[17:20:06] [INFO] [pipeline] =======================================================
[17:20:06] [INFO] [pipeline] [Layer 1] Data Input
[17:20:17] [INFO] [layers.input_layer] Dataset loaded from C:\Users\Navjot Kaushal\OneDrive\projects\ML Major Projects\Data Engine\Datasets\data.csv - shape: (4600, 18)
[17:20:17] [DEBUG] [layers.input_layer] Columns normalized: ['date', 'price', 'bedrooms', 'bathrooms', 'sqft_living', 'sqft_lot', 'floors', 'waterfront', 'view', 'condition', 'sqft_above', 'sqft_basement', 'yr_built', 'yr_renovated', 'street', 'city', 'statezip', 'country']
[17:20:17] [INFO] [layers.input_layer] Dataset validated - shape: (4600, 18)
[17:20:21] [INFO] [layers.input_layer] Target column set to price
[17:20:21] [INFO] [pipeline] [Layer 2] Schema Detection
[17:20:21] [DEBUG] [layers.schema_detection] Datetime column: date
[17:20:21] [DEBUG] [layers.schema_detection] Numeric-coded categorical column: bedrooms
[17:20:21] [DEBUG] [layers.schema_detection] Numerical column: bathrooms
[17:20:21] [DEBUG] [layers.schema_detection] Numerical column: sqft_living
[17:20:21] [DEBUG] [layers.schema_detection] Numerical column: sqft_lot
[17:20:21] [DEBUG] [layers.schema_detection] Numerical column: floors
[17:20:21] [DEBUG] [layers.schema_detection] Binary column: waterfront
[17:20:21] [DEBUG] [layers.schema_detection] Numeric-coded categorical column: view
[17:20:21] [DEBUG] [layers.schema_detection] Numeric-coded categorical column: condition
[17:20:21] [DEBUG] [layers.schema_detection] Numerical column: sqft_above
[17:20:21] [DEBUG] [layers.schema_detection] Numerical column: sqft_basement
[17:20:21] [DEBUG] [layers.schema_detection] Numerical column: yr_built
[17:20:21] [DEBUG] [layers.schema_detection] Numerical column: yr_renovated
[17:20:21] [DEBUG] [layers.schema_detection] ID-like column: street
[17:20:21] [DEBUG] [layers.schema_detection] Categorical column: city
[17:20:21] [DEBUG] [layers.schema_detection] Categorical column: statezip
[17:20:21] [DEBUG] [layers.schema_detection] Drop constant column: country
[17:20:21] [INFO] [layers.schema_detection] numerical       -> ['bathrooms', 'sqft_living', 'sqft_lot', 'floors', 'sqft_above', 'sqft_basement', 'yr_built', 'yr_renovated']
[17:20:21] [INFO] [layers.schema_detection] categorical     -> ['bedrooms', 'view', 'condition', 'city', 'statezip']
[17:20:21] [INFO] [layers.schema_detection] binary          -> ['waterfront']
[17:20:21] [INFO] [layers.schema_detection] datetime        -> ['date']
[17:20:21] [INFO] [layers.schema_detection] id_columns      -> ['street']
[17:20:21] [INFO] [layers.schema_detection] drop_columns    -> ['country']
[17:20:21] [INFO] [pipeline] [Layer 3] Data Profiling
[17:20:21] [INFO] [layers.data_profiling] Regression target summary computed
[17:20:21] [INFO] [layers.data_profiling] Correlation matrix computed for 8 numerical columns
[17:20:21] [INFO] [layers.data_profiling] Profiling complete - 17 features analyzed
[17:20:21] [INFO] [pipeline] [Layer 4] Data Quality
[17:20:21] [INFO] [layers.data_quality] Quality check complete
[17:20:21] [INFO] [pipeline] [Layer 5] Decision Engine
[17:20:21] [INFO] [layers.decision_engine] Decision -> drop column: country
[17:20:21] [INFO] [layers.decision_engine] Decision -> drop column: street
[17:20:21] [INFO] [layers.decision_engine] Decision -> extract datetime features: date
[17:20:21] [INFO] [layers.decision_engine] Decision -> standard scale: bathrooms
[17:20:21] [INFO] [layers.decision_engine] Decision -> min-max scale: sqft_living
[17:20:21] [INFO] [layers.decision_engine] Decision -> cap outliers (ratio=0.12): sqft_lot
[17:20:21] [INFO] [layers.decision_engine] Decision -> min-max scale: sqft_lot
[17:20:21] [INFO] [layers.decision_engine] Decision -> standard scale: floors
[17:20:21] [INFO] [layers.decision_engine] Decision -> min-max scale: sqft_above
[17:20:21] [INFO] [layers.decision_engine] Decision -> min-max scale: sqft_basement
[17:20:21] [INFO] [layers.decision_engine] Decision -> standard scale: yr_built
[17:20:21] [INFO] [layers.decision_engine] Decision -> standard scale: yr_renovated
[17:20:21] [INFO] [layers.decision_engine] Decision -> one-hot encode: bedrooms
[17:20:21] [INFO] [layers.decision_engine] Decision -> one-hot encode: view
[17:20:21] [INFO] [layers.decision_engine] Decision -> one-hot encode: condition
[17:20:21] [INFO] [layers.decision_engine] Decision -> label encode: city
[17:20:21] [INFO] [layers.decision_engine] Decision -> label encode: statezip
[17:20:21] [INFO] [layers.decision_engine] Decision -> label encode (binary): waterfront
[17:20:21] [INFO] [layers.decision_engine] Decision engine complete
[17:20:21] [INFO] [pipeline] [Layer 6] Transformer
[17:20:21] [INFO] [layers.transformer] Dropped columns: ['country', 'street']
[17:20:21] [INFO] [layers.transformer] Extracted datetime features from date
[17:20:21] [INFO] [layers.transformer] Capped 541 outliers in sqft_lot
[17:20:21] [INFO] [layers.transformer] One-hot encoded columns: ['bedrooms', 'view', 'condition']
[17:20:21] [INFO] [layers.transformer] Label encoded: city
[17:20:21] [INFO] [layers.transformer] Label encoded: statezip
[17:20:21] [INFO] [layers.transformer] Label encoded: waterfront
[17:20:21] [INFO] [layers.transformer] Applied standard scaling: ['bathrooms', 'floors', 'yr_built', 'yr_renovated']
[17:20:21] [INFO] [layers.transformer] Applied min-max scaling: ['sqft_living', 'sqft_lot', 'sqft_above', 'sqft_basement']
[17:20:21] [INFO] [layers.transformer] Clean CSV saved to C:\Users\Navjot Kaushal\OneDrive\projects\ML Major Projects\Data Engine\data\output\cleaned_data\output_cleaned.csv
[17:20:21] [INFO] [layers.transformer] Final shape: 4600 rows x 36 columns
[17:20:21] [INFO] [pipeline] =======================================================
[17:20:21] [INFO] [pipeline] PIPELINE COMPLETE
[17:20:21] [INFO] [pipeline] Clean CSV  -> C:\Users\Navjot Kaushal\OneDrive\projects\ML Major Projects\Data Engine\data\output\cleaned_data\clean_output.csv
[17:20:21] [INFO] [pipeline] Full report -> C:\Users\Navjot Kaushal\OneDrive\projects\ML Major Projects\Data Engine\data\output\json_data\data_report.json
[17:20:21] [INFO] [pipeline] Logs       -> data/output/logger_run.log
[17:20:21] [INFO] [pipeline] =======================================================
[10:56:54] [INFO] [pipeline] =======================================================
[10:56:54] [INFO] [pipeline] DATA INTELLIGENCE LAYER - Pipeline Start
[10:56:54] [INFO] [pipeline] =======================================================
[10:56:54] [INFO] [pipeline] [Layer 1] Data Input
[10:57:06] [INFO] [layers.input_layer] Dataset loaded from C:\Users\Navjot Kaushal\OneDrive\projects\ML Major Projects\Data Engine\Datasets\data.csv - shape: (4600, 18)
[10:57:06] [DEBUG] [layers.input_layer] Columns normalized: ['date', 'price', 'bedrooms', 'bathrooms', 'sqft_living', 'sqft_lot', 'floors', 'waterfront', 'view', 'condition', 'sqft_above', 'sqft_basement', 'yr_built', 'yr_renovated', 'street', 'city', 'statezip', 'country']
[10:57:06] [INFO] [layers.input_layer] Dataset validated - shape: (4600, 18)
[10:57:10] [INFO] [layers.input_layer] Target column set to price
[10:57:10] [INFO] [pipeline] [Layer 2] Schema Detection
[10:57:10] [DEBUG] [layers.schema_detection] Datetime column: date
[10:57:49] [INFO] [pipeline] =======================================================
[10:57:49] [INFO] [pipeline] DATA INTELLIGENCE LAYER - Pipeline Start
[10:57:49] [INFO] [pipeline] =======================================================
[10:57:49] [INFO] [pipeline] [Layer 1] Data Input
[10:57:58] [INFO] [layers.input_layer] Dataset loaded from C:\Users\Navjot Kaushal\OneDrive\projects\ML Major Projects\Data Engine\Datasets\data.csv - shape: (4600, 18)
[10:57:58] [DEBUG] [layers.input_layer] Columns normalized: ['date', 'price', 'bedrooms', 'bathrooms', 'sqft_living', 'sqft_lot', 'floors', 'waterfront', 'view', 'condition', 'sqft_above', 'sqft_basement', 'yr_built', 'yr_renovated', 'street', 'city', 'statezip', 'country']
[10:57:58] [INFO] [layers.input_layer] Dataset validated - shape: (4600, 18)
[10:58:00] [INFO] [layers.input_layer] Target column set to price
[10:58:00] [INFO] [pipeline] [Layer 2] Schema Detection
[10:58:00] [DEBUG] [layers.schema_detection] Datetime column: date
[10:58:00] [DEBUG] [layers.schema_detection] Numeric-coded categorical column: bedrooms
[10:58:00] [DEBUG] [layers.schema_detection] Numerical column: bathrooms
[10:58:00] [DEBUG] [layers.schema_detection] Numerical column: sqft_living
[10:58:00] [DEBUG] [layers.schema_detection] Numerical column: sqft_lot
[10:58:00] [DEBUG] [layers.schema_detection] Numerical column: floors
[10:58:00] [DEBUG] [layers.schema_detection] Binary column: waterfront
[10:58:00] [DEBUG] [layers.schema_detection] Numeric-coded categorical column: view
[10:58:00] [DEBUG] [layers.schema_detection] Numeric-coded categorical column: condition
[10:58:00] [DEBUG] [layers.schema_detection] Numerical column: sqft_above
[10:58:00] [DEBUG] [layers.schema_detection] Numerical column: sqft_basement
[10:58:00] [DEBUG] [layers.schema_detection] Numerical column: yr_built
[10:58:00] [DEBUG] [layers.schema_detection] Numerical column: yr_renovated
[10:58:00] [DEBUG] [layers.schema_detection] ID-like column: street
[10:58:00] [DEBUG] [layers.schema_detection] Categorical column: city
[10:58:00] [DEBUG] [layers.schema_detection] Categorical column: statezip
[10:58:00] [DEBUG] [layers.schema_detection] Drop constant column: country
[10:58:00] [INFO] [layers.schema_detection] numerical       -> ['bathrooms', 'sqft_living', 'sqft_lot', 'floors', 'sqft_above', 'sqft_basement', 'yr_built', 'yr_renovated']
[10:58:00] [INFO] [layers.schema_detection] categorical     -> ['bedrooms', 'view', 'condition', 'city', 'statezip']
[10:58:00] [INFO] [layers.schema_detection] binary          -> ['waterfront']
[10:58:00] [INFO] [layers.schema_detection] datetime        -> ['date']
[10:58:00] [INFO] [layers.schema_detection] id_columns      -> ['street']
[10:58:00] [INFO] [layers.schema_detection] drop_columns    -> ['country']
[10:58:00] [INFO] [pipeline] [Layer 3] Data Profiling
[10:58:00] [INFO] [layers.data_profiling] Regression target summary computed
[10:58:00] [INFO] [layers.data_profiling] Correlation matrix computed for 8 numerical columns
[10:58:00] [INFO] [layers.data_profiling] Profiling complete - 17 features analyzed
[10:58:00] [INFO] [pipeline] [Layer 4] Data Quality
[10:58:00] [INFO] [layers.data_quality] Quality check complete
[10:58:00] [INFO] [pipeline] [Layer 5] Decision Engine
[10:58:00] [INFO] [layers.decision_engine] Decision -> drop column: country
[10:58:00] [INFO] [layers.decision_engine] Decision -> drop column: street
[10:58:00] [INFO] [layers.decision_engine] Decision -> extract datetime features: date
[10:58:00] [INFO] [layers.decision_engine] Decision -> standard scale: bathrooms
[10:58:00] [INFO] [layers.decision_engine] Decision -> min-max scale: sqft_living
[10:58:00] [INFO] [layers.decision_engine] Decision -> cap outliers (ratio=0.12): sqft_lot
[10:58:00] [INFO] [layers.decision_engine] Decision -> min-max scale: sqft_lot
[10:58:00] [INFO] [layers.decision_engine] Decision -> standard scale: floors
[10:58:00] [INFO] [layers.decision_engine] Decision -> min-max scale: sqft_above
[10:58:00] [INFO] [layers.decision_engine] Decision -> min-max scale: sqft_basement
[10:58:00] [INFO] [layers.decision_engine] Decision -> standard scale: yr_built
[10:58:00] [INFO] [layers.decision_engine] Decision -> standard scale: yr_renovated
[10:58:00] [INFO] [layers.decision_engine] Decision -> one-hot encode: bedrooms
[10:58:00] [INFO] [layers.decision_engine] Decision -> one-hot encode: view
[10:58:00] [INFO] [layers.decision_engine] Decision -> one-hot encode: condition
[10:58:00] [INFO] [layers.decision_engine] Decision -> label encode: city
[10:58:00] [INFO] [layers.decision_engine] Decision -> label encode: statezip
[10:58:00] [INFO] [layers.decision_engine] Decision -> label encode (binary): waterfront
[10:58:00] [INFO] [layers.decision_engine] Decision engine complete
[10:58:00] [INFO] [pipeline] [Layer 6] Transformer
[10:58:00] [INFO] [layers.transformer] Dropped columns: ['country', 'street']
[10:58:00] [INFO] [layers.transformer] Extracted datetime features from date
[10:58:00] [INFO] [layers.transformer] Capped 404 outliers in sqft_lot
[10:58:00] [INFO] [layers.transformer] One-hot encoded columns: ['bedrooms', 'view', 'condition']
[10:58:00] [INFO] [layers.transformer] Label encoded: city
[10:58:00] [INFO] [layers.transformer] Label encoded: statezip
[10:58:00] [INFO] [layers.transformer] Label encoded: waterfront
[10:58:00] [INFO] [layers.transformer] Applied standard scaling: ['bathrooms', 'floors', 'yr_built', 'yr_renovated']
[10:58:00] [INFO] [layers.transformer] Applied min-max scaling: ['sqft_living', 'sqft_lot', 'sqft_above', 'sqft_basement']
[10:58:01] [INFO] [layers.transformer] Clean CSV saved to C:\Users\Navjot Kaushal\OneDrive\projects\ML Major Projects\Data Engine\data\output\cleaned_data\data_cleaned.csv
[10:58:01] [INFO] [layers.transformer] Final shape: 4600 rows x 36 columns
[10:58:01] [INFO] [pipeline] =======================================================
[10:58:01] [INFO] [pipeline] PIPELINE COMPLETE
[10:58:01] [INFO] [pipeline] Clean CSV  -> C:\Users\Navjot Kaushal\OneDrive\projects\ML Major Projects\Data Engine\data\output\cleaned_data\data_cleaned.csv
[10:58:01] [INFO] [pipeline] Full report -> C:\Users\Navjot Kaushal\OneDrive\projects\ML Major Projects\Data Engine\data\output\json_data\data_report.json
[10:58:01] [INFO] [pipeline] Logs       -> data/output/logger_run.log
[10:58:01] [INFO] [pipeline] =======================================================
[10:59:01] [INFO] [pipeline] =======================================================
[10:59:01] [INFO] [pipeline] DATA INTELLIGENCE LAYER - Pipeline Start
[10:59:01] [INFO] [pipeline] =======================================================
[10:59:01] [INFO] [pipeline] [Layer 1] Data Input
[10:59:14] [INFO] [layers.input_layer] Dataset loaded from C:\Users\Navjot Kaushal\OneDrive\projects\ML Major Projects\Data Engine\Datasets\ai_resume_screening.csv - shape: (30000, 7)
[10:59:14] [DEBUG] [layers.input_layer] Columns normalized: ['years_experience', 'skills_match_score', 'education_level', 'project_count', 'resume_length', 'github_activity', 'shortlisted']
[10:59:14] [INFO] [layers.input_layer] Dataset validated - shape: (30000, 7)
[10:59:18] [INFO] [layers.input_layer] Target column set to shortlisted
[10:59:18] [INFO] [pipeline] [Layer 2] Schema Detection
[10:59:18] [DEBUG] [layers.schema_detection] Numerical column: years_experience
[10:59:18] [DEBUG] [layers.schema_detection] Numerical column: skills_match_score
[10:59:18] [DEBUG] [layers.schema_detection] Categorical column: education_level
[10:59:18] [DEBUG] [layers.schema_detection] Numerical column: project_count
[10:59:18] [DEBUG] [layers.schema_detection] Numerical column: resume_length
[10:59:18] [DEBUG] [layers.schema_detection] Numerical column: github_activity
[10:59:18] [INFO] [layers.schema_detection] numerical       -> ['years_experience', 'skills_match_score', 'project_count', 'resume_length', 'github_activity']
[10:59:18] [INFO] [layers.schema_detection] categorical     -> ['education_level']
[10:59:18] [INFO] [pipeline] [Layer 3] Data Profiling
[10:59:18] [INFO] [layers.data_profiling] Class distribution computed for target
[10:59:18] [INFO] [layers.data_profiling] Correlation matrix computed for 5 numerical columns
[10:59:18] [INFO] [layers.data_profiling] Profiling complete - 6 features analyzed
[10:59:18] [INFO] [pipeline] [Layer 4] Data Quality
[11:00:17] [INFO] [pipeline] =======================================================
[11:00:17] [INFO] [pipeline] DATA INTELLIGENCE LAYER - Pipeline Start
[11:00:17] [INFO] [pipeline] =======================================================
[11:00:17] [INFO] [pipeline] [Layer 1] Data Input
[11:00:29] [INFO] [layers.input_layer] Dataset loaded from C:\Users\Navjot Kaushal\OneDrive\projects\ML Major Projects\Data Engine\Datasets\ai_resume_screening.csv - shape: (30000, 7)
[11:00:29] [DEBUG] [layers.input_layer] Columns normalized: ['years_experience', 'skills_match_score', 'education_level', 'project_count', 'resume_length', 'github_activity', 'shortlisted']
[11:00:29] [INFO] [layers.input_layer] Dataset validated - shape: (30000, 7)
[11:00:32] [INFO] [layers.input_layer] Target column set to shortlisted
[11:00:32] [INFO] [pipeline] [Layer 2] Schema Detection
[11:00:32] [DEBUG] [layers.schema_detection] Numerical column: years_experience
[11:00:32] [DEBUG] [layers.schema_detection] Numerical column: skills_match_score
[11:00:32] [DEBUG] [layers.schema_detection] Categorical column: education_level
[11:00:32] [DEBUG] [layers.schema_detection] Numerical column: project_count
[11:00:32] [DEBUG] [layers.schema_detection] Numerical column: resume_length
[11:00:32] [DEBUG] [layers.schema_detection] Numerical column: github_activity
[11:00:32] [INFO] [layers.schema_detection] numerical       -> ['years_experience', 'skills_match_score', 'project_count', 'resume_length', 'github_activity']
[11:00:32] [INFO] [layers.schema_detection] categorical     -> ['education_level']
[11:00:32] [INFO] [pipeline] [Layer 3] Data Profiling
[11:00:32] [INFO] [layers.data_profiling] Class distribution computed for target
[11:00:32] [INFO] [layers.data_profiling] Correlation matrix computed for 5 numerical columns
[11:00:32] [INFO] [layers.data_profiling] Profiling complete - 6 features analyzed
[11:00:32] [INFO] [pipeline] [Layer 4] Data Quality
[11:03:43] [INFO] [pipeline] =======================================================
[11:03:43] [INFO] [pipeline] DATA INTELLIGENCE LAYER - Pipeline Start
[11:03:43] [INFO] [pipeline] =======================================================
[11:03:43] [INFO] [pipeline] [Layer 1] Data Input
[11:03:54] [INFO] [layers.input_layer] Dataset loaded from C:\Users\Navjot Kaushal\OneDrive\projects\ML Major Projects\Data Engine\Datasets\ai_resume_screening.csv - shape: (30000, 7)
[11:03:54] [DEBUG] [layers.input_layer] Columns normalized: ['years_experience', 'skills_match_score', 'education_level', 'project_count', 'resume_length', 'github_activity', 'shortlisted']
[11:03:54] [INFO] [layers.input_layer] Dataset validated - shape: (30000, 7)
[11:03:58] [INFO] [layers.input_layer] Target column set to shortlisted
[11:03:58] [INFO] [pipeline] [Layer 2] Schema Detection
[11:03:58] [DEBUG] [layers.schema_detection] Numerical column: years_experience
[11:03:58] [DEBUG] [layers.schema_detection] Numerical column: skills_match_score
[11:03:58] [DEBUG] [layers.schema_detection] Categorical column: education_level
[11:03:58] [DEBUG] [layers.schema_detection] Numerical column: project_count
[11:03:58] [DEBUG] [layers.schema_detection] Numerical column: resume_length
[11:03:58] [DEBUG] [layers.schema_detection] Numerical column: github_activity
[11:03:58] [INFO] [layers.schema_detection] numerical       -> ['years_experience', 'skills_match_score', 'project_count', 'resume_length', 'github_activity']
[11:03:58] [INFO] [layers.schema_detection] categorical     -> ['education_level']
[11:03:58] [INFO] [pipeline] [Layer 3] Data Profiling
[11:03:58] [INFO] [layers.data_profiling] Class distribution computed for target
[11:03:58] [INFO] [layers.data_profiling] Correlation matrix computed for 5 numerical columns
[11:03:58] [INFO] [layers.data_profiling] Profiling complete - 6 features analyzed
[11:03:58] [INFO] [pipeline] [Layer 4] Data Quality
[11:03:58] [INFO] [layers.data_quality] Quality check complete
[11:03:58] [INFO] [pipeline] [Layer 5] Decision Engine
[11:03:58] [INFO] [layers.decision_engine] Decision -> standard scale: years_experience
[11:03:58] [INFO] [layers.decision_engine] Decision -> standard scale: skills_match_score
[11:03:58] [INFO] [layers.decision_engine] Decision -> standard scale: project_count
[11:03:58] [INFO] [layers.decision_engine] Decision -> standard scale: resume_length
[11:03:58] [INFO] [layers.decision_engine] Decision -> standard scale: github_activity
[11:03:58] [INFO] [layers.decision_engine] Decision -> one-hot encode: education_level
[11:03:58] [INFO] [layers.decision_engine] Decision engine complete
[11:03:58] [INFO] [pipeline] [Layer 6] Transformer
[11:03:59] [INFO] [layers.transformer] One-hot encoded columns: ['education_level']
[11:03:59] [INFO] [layers.transformer] Applied standard scaling: ['years_experience', 'skills_match_score', 'project_count', 'resume_length', 'github_activity']
[11:03:59] [INFO] [layers.transformer] Clean CSV saved to C:\Users\Navjot Kaushal\OneDrive\projects\ML Major Projects\Data Engine\data\output\cleaned_data\ai_resume_screening_cleaned.csv
[11:03:59] [INFO] [layers.transformer] Final shape: 30000 rows x 10 columns
[11:03:59] [INFO] [pipeline] =======================================================
[11:03:59] [INFO] [pipeline] PIPELINE COMPLETE
[11:03:59] [INFO] [pipeline] Clean CSV  -> C:\Users\Navjot Kaushal\OneDrive\projects\ML Major Projects\Data Engine\data\output\cleaned_data\ai_resume_screening_cleaned.csv
[11:03:59] [INFO] [pipeline] Full report -> C:\Users\Navjot Kaushal\OneDrive\projects\ML Major Projects\Data Engine\data\output\json_data\data_report.json
[11:03:59] [INFO] [pipeline] Logs       -> data/output/logger_run.log
[11:03:59] [INFO] [pipeline] =======================================================
[11:10:16] [INFO] [pipeline] =======================================================
[11:10:16] [INFO] [pipeline] DATA INTELLIGENCE LAYER - Pipeline Start
[11:10:16] [INFO] [pipeline] =======================================================
[11:10:16] [INFO] [pipeline] [Layer 1] Data Input
[11:10:25] [INFO] [layers.input_layer] Dataset loaded from C:\Users\Navjot Kaushal\OneDrive\projects\ML Major Projects\Data Engine\Datasets\data.csv - shape: (4600, 18)
[11:10:25] [INFO] [layers.input_layer] Raw file saved to C:\Users\Navjot Kaushal\OneDrive\projects\ML Major Projects\Data Engine\layers\data\raw\data.csv
[11:10:25] [DEBUG] [layers.input_layer] Columns normalized: ['date', 'price', 'bedrooms', 'bathrooms', 'sqft_living', 'sqft_lot', 'floors', 'waterfront', 'view', 'condition', 'sqft_above', 'sqft_basement', 'yr_built', 'yr_renovated', 'street', 'city', 'statezip', 'country']
[11:10:25] [INFO] [layers.input_layer] Dataset validated - shape: (4600, 18)
[11:10:28] [INFO] [layers.input_layer] Target column set to price
[11:10:28] [INFO] [pipeline] [Layer 2] Schema Detection
[11:10:28] [DEBUG] [layers.schema_detection] Datetime column: date
[11:10:28] [DEBUG] [layers.schema_detection] Numeric-coded categorical column: bedrooms
[11:10:28] [DEBUG] [layers.schema_detection] Numerical column: bathrooms
[11:10:28] [DEBUG] [layers.schema_detection] Numerical column: sqft_living
[11:10:28] [DEBUG] [layers.schema_detection] Numerical column: sqft_lot
[11:10:28] [DEBUG] [layers.schema_detection] Numerical column: floors
[11:10:28] [DEBUG] [layers.schema_detection] Binary column: waterfront
[11:10:28] [DEBUG] [layers.schema_detection] Numeric-coded categorical column: view
[11:10:28] [DEBUG] [layers.schema_detection] Numeric-coded categorical column: condition
[11:10:28] [DEBUG] [layers.schema_detection] Numerical column: sqft_above
[11:10:28] [DEBUG] [layers.schema_detection] Numerical column: sqft_basement
[11:10:28] [DEBUG] [layers.schema_detection] Numerical column: yr_built
[11:10:28] [DEBUG] [layers.schema_detection] Numerical column: yr_renovated
[11:10:28] [DEBUG] [layers.schema_detection] ID-like column: street
[11:10:28] [DEBUG] [layers.schema_detection] Categorical column: city
[11:10:28] [DEBUG] [layers.schema_detection] Categorical column: statezip
[11:10:28] [DEBUG] [layers.schema_detection] Drop constant column: country
[11:10:28] [INFO] [layers.schema_detection] numerical       -> ['bathrooms', 'sqft_living', 'sqft_lot', 'floors', 'sqft_above', 'sqft_basement', 'yr_built', 'yr_renovated']
[11:10:28] [INFO] [layers.schema_detection] categorical     -> ['bedrooms', 'view', 'condition', 'city', 'statezip']
[11:10:28] [INFO] [layers.schema_detection] binary          -> ['waterfront']
[11:10:28] [INFO] [layers.schema_detection] datetime        -> ['date']
[11:10:28] [INFO] [layers.schema_detection] id_columns      -> ['street']
[11:10:28] [INFO] [layers.schema_detection] drop_columns    -> ['country']
[11:10:28] [INFO] [pipeline] [Layer 3] Data Profiling
[11:10:28] [INFO] [layers.data_profiling] Regression target summary computed
[11:10:28] [INFO] [layers.data_profiling] Correlation matrix computed for 8 numerical columns
[11:10:28] [INFO] [layers.data_profiling] Profiling complete - 17 features analyzed
[11:10:28] [INFO] [pipeline] [Layer 4] Data Quality
[11:10:28] [INFO] [layers.data_quality] Quality check complete
[11:10:28] [INFO] [pipeline] [Layer 5] Decision Engine
[11:10:28] [INFO] [layers.decision_engine] Decision -> drop column: country
[11:10:28] [INFO] [layers.decision_engine] Decision -> drop column: street
[11:10:28] [INFO] [layers.decision_engine] Decision -> extract datetime features: date
[11:10:28] [INFO] [layers.decision_engine] Decision -> standard scale: bathrooms
[11:10:28] [INFO] [layers.decision_engine] Decision -> min-max scale: sqft_living
[11:10:28] [INFO] [layers.decision_engine] Decision -> cap outliers (ratio=0.12): sqft_lot
[11:10:28] [INFO] [layers.decision_engine] Decision -> min-max scale: sqft_lot
[11:10:28] [INFO] [layers.decision_engine] Decision -> standard scale: floors
[11:10:28] [INFO] [layers.decision_engine] Decision -> min-max scale: sqft_above
[11:10:28] [INFO] [layers.decision_engine] Decision -> min-max scale: sqft_basement
[11:10:28] [INFO] [layers.decision_engine] Decision -> standard scale: yr_built
[11:10:28] [INFO] [layers.decision_engine] Decision -> standard scale: yr_renovated
[11:10:28] [INFO] [layers.decision_engine] Decision -> one-hot encode: bedrooms
[11:10:28] [INFO] [layers.decision_engine] Decision -> one-hot encode: view
[11:10:28] [INFO] [layers.decision_engine] Decision -> one-hot encode: condition
[11:10:28] [INFO] [layers.decision_engine] Decision -> label encode: city
[11:10:28] [INFO] [layers.decision_engine] Decision -> label encode: statezip
[11:10:28] [INFO] [layers.decision_engine] Decision -> label encode (binary): waterfront
[11:10:28] [INFO] [layers.decision_engine] Decision engine complete
[11:10:28] [INFO] [pipeline] [Layer 6] Transformer
[11:10:28] [INFO] [layers.transformer] Dropped columns: ['country', 'street']
[11:10:28] [INFO] [layers.transformer] Extracted datetime features from date
[11:10:28] [INFO] [layers.transformer] Capped 404 outliers in sqft_lot
[11:10:28] [INFO] [layers.transformer] One-hot encoded columns: ['bedrooms', 'view', 'condition']
[11:10:28] [INFO] [layers.transformer] Label encoded: city
[11:10:28] [INFO] [layers.transformer] Label encoded: statezip
[11:10:28] [INFO] [layers.transformer] Label encoded: waterfront
[11:10:28] [INFO] [layers.transformer] Applied standard scaling: ['bathrooms', 'floors', 'yr_built', 'yr_renovated']
[11:10:28] [INFO] [layers.transformer] Applied min-max scaling: ['sqft_living', 'sqft_lot', 'sqft_above', 'sqft_basement']
[11:10:28] [INFO] [layers.transformer] Clean CSV saved to C:\Users\Navjot Kaushal\OneDrive\projects\ML Major Projects\Data Engine\data\output\cleaned_data\data_cleaned.csv
[11:10:28] [INFO] [layers.transformer] Final shape: 4600 rows x 36 columns
[11:10:28] [INFO] [pipeline] =======================================================
[11:10:28] [INFO] [pipeline] PIPELINE COMPLETE
[11:10:28] [INFO] [pipeline] Clean CSV  -> C:\Users\Navjot Kaushal\OneDrive\projects\ML Major Projects\Data Engine\data\output\cleaned_data\data_cleaned.csv
[11:10:28] [INFO] [pipeline] Full report -> C:\Users\Navjot Kaushal\OneDrive\projects\ML Major Projects\Data Engine\data\output\json_data\data_report.json
[11:10:28] [INFO] [pipeline] Logs       -> data/output/logger_run.log
[11:10:28] [INFO] [pipeline] =======================================================
[11:13:19] [INFO] [pipeline] =======================================================
[11:13:19] [INFO] [pipeline] DATA INTELLIGENCE LAYER - Pipeline Start
[11:13:19] [INFO] [pipeline] =======================================================
[11:13:19] [INFO] [pipeline] [Layer 1] Data Input
[11:13:31] [INFO] [layers.input_layer] Dataset loaded from C:\Users\Navjot Kaushal\OneDrive\projects\ML Major Projects\Data Engine\Datasets\data.csv - shape: (4600, 18)
[11:13:31] [INFO] [layers.input_layer] Raw file saved to C:\Users\Navjot Kaushal\OneDrive\projects\ML Major Projects\Data Engine\layers\data\raw\data.csv
[11:13:31] [DEBUG] [layers.input_layer] Columns normalized: ['date', 'price', 'bedrooms', 'bathrooms', 'sqft_living', 'sqft_lot', 'floors', 'waterfront', 'view', 'condition', 'sqft_above', 'sqft_basement', 'yr_built', 'yr_renovated', 'street', 'city', 'statezip', 'country']
[11:13:31] [INFO] [layers.input_layer] Dataset validated - shape: (4600, 18)
[11:13:33] [INFO] [layers.input_layer] Target column set to price
[11:13:33] [INFO] [pipeline] [Layer 2] Schema Detection
[11:13:33] [DEBUG] [layers.schema_detection] Datetime column: date
[11:13:33] [DEBUG] [layers.schema_detection] Numeric-coded categorical column: bedrooms
[11:13:33] [DEBUG] [layers.schema_detection] Numerical column: bathrooms
[11:13:33] [DEBUG] [layers.schema_detection] Numerical column: sqft_living
[11:13:33] [DEBUG] [layers.schema_detection] Numerical column: sqft_lot
[11:13:33] [DEBUG] [layers.schema_detection] Numerical column: floors
[11:13:33] [DEBUG] [layers.schema_detection] Binary column: waterfront
[11:13:33] [DEBUG] [layers.schema_detection] Numeric-coded categorical column: view
[11:13:33] [DEBUG] [layers.schema_detection] Numeric-coded categorical column: condition
[11:13:33] [DEBUG] [layers.schema_detection] Numerical column: sqft_above
[11:13:33] [DEBUG] [layers.schema_detection] Numerical column: sqft_basement
[11:13:33] [DEBUG] [layers.schema_detection] Numerical column: yr_built
[11:13:33] [DEBUG] [layers.schema_detection] Numerical column: yr_renovated
[11:13:33] [DEBUG] [layers.schema_detection] ID-like column: street
[11:13:33] [DEBUG] [layers.schema_detection] Categorical column: city
[11:13:33] [DEBUG] [layers.schema_detection] Categorical column: statezip
[11:13:33] [DEBUG] [layers.schema_detection] Drop constant column: country
[11:13:33] [INFO] [layers.schema_detection] numerical       -> ['bathrooms', 'sqft_living', 'sqft_lot', 'floors', 'sqft_above', 'sqft_basement', 'yr_built', 'yr_renovated']
[11:13:33] [INFO] [layers.schema_detection] categorical     -> ['bedrooms', 'view', 'condition', 'city', 'statezip']
[11:13:33] [INFO] [layers.schema_detection] binary          -> ['waterfront']
[11:13:33] [INFO] [layers.schema_detection] datetime        -> ['date']
[11:13:33] [INFO] [layers.schema_detection] id_columns      -> ['street']
[11:13:33] [INFO] [layers.schema_detection] drop_columns    -> ['country']
[11:13:33] [INFO] [pipeline] [Layer 3] Data Profiling
[11:13:33] [INFO] [layers.data_profiling] Regression target summary computed
[11:13:33] [INFO] [layers.data_profiling] Correlation matrix computed for 8 numerical columns
[11:13:33] [INFO] [layers.data_profiling] Profiling complete - 17 features analyzed
[11:13:33] [INFO] [pipeline] [Layer 4] Data Quality
[11:13:33] [INFO] [layers.data_quality] Quality check complete
[11:13:33] [INFO] [pipeline] [Layer 5] Decision Engine
[11:13:33] [INFO] [layers.decision_engine] Decision -> drop column: country
[11:13:33] [INFO] [layers.decision_engine] Decision -> drop column: street
[11:13:33] [INFO] [layers.decision_engine] Decision -> extract datetime features: date
[11:13:33] [INFO] [layers.decision_engine] Decision -> standard scale: bathrooms
[11:13:33] [INFO] [layers.decision_engine] Decision -> min-max scale: sqft_living
[11:13:33] [INFO] [layers.decision_engine] Decision -> cap outliers (ratio=0.12): sqft_lot
[11:13:33] [INFO] [layers.decision_engine] Decision -> min-max scale: sqft_lot
[11:13:33] [INFO] [layers.decision_engine] Decision -> standard scale: floors
[11:13:33] [INFO] [layers.decision_engine] Decision -> min-max scale: sqft_above
[11:13:33] [INFO] [layers.decision_engine] Decision -> min-max scale: sqft_basement
[11:13:33] [INFO] [layers.decision_engine] Decision -> standard scale: yr_built
[11:13:33] [INFO] [layers.decision_engine] Decision -> standard scale: yr_renovated
[11:13:33] [INFO] [layers.decision_engine] Decision -> one-hot encode: bedrooms
[11:13:33] [INFO] [layers.decision_engine] Decision -> one-hot encode: view
[11:13:33] [INFO] [layers.decision_engine] Decision -> one-hot encode: condition
[11:13:33] [INFO] [layers.decision_engine] Decision -> label encode: city
[11:13:33] [INFO] [layers.decision_engine] Decision -> label encode: statezip
[11:13:33] [INFO] [layers.decision_engine] Decision -> label encode (binary): waterfront
[11:13:33] [INFO] [layers.decision_engine] Decision engine complete
[11:13:33] [INFO] [pipeline] [Layer 6] Transformer
[11:13:33] [INFO] [layers.transformer] Dropped columns: ['country', 'street']
[11:13:33] [INFO] [layers.transformer] Extracted datetime features from date
[11:13:33] [INFO] [layers.transformer] Capped 404 outliers in sqft_lot
[11:13:33] [INFO] [layers.transformer] One-hot encoded columns: ['bedrooms', 'view', 'condition']
[11:13:33] [INFO] [layers.transformer] Label encoded: city
[11:13:33] [INFO] [layers.transformer] Label encoded: statezip
[11:13:33] [INFO] [layers.transformer] Label encoded: waterfront
[11:13:33] [INFO] [layers.transformer] Applied standard scaling: ['bathrooms', 'floors', 'yr_built', 'yr_renovated']
[11:13:33] [INFO] [layers.transformer] Applied min-max scaling: ['sqft_living', 'sqft_lot', 'sqft_above', 'sqft_basement']
[11:13:33] [INFO] [layers.transformer] Clean CSV saved to C:\Users\Navjot Kaushal\OneDrive\projects\ML Major Projects\Data Engine\data\output\cleaned_data\data_cleaned.csv
[11:13:33] [INFO] [layers.transformer] Final shape: 4600 rows x 36 columns
[11:13:33] [INFO] [pipeline] =======================================================
[11:13:33] [INFO] [pipeline] PIPELINE COMPLETE
[11:13:33] [INFO] [pipeline] Clean CSV  -> C:\Users\Navjot Kaushal\OneDrive\projects\ML Major Projects\Data Engine\data\output\cleaned_data\data_cleaned.csv
[11:13:33] [INFO] [pipeline] Full report -> C:\Users\Navjot Kaushal\OneDrive\projects\ML Major Projects\Data Engine\data\output\json_data\data_report.json
[11:13:33] [INFO] [pipeline] Logs       -> data/output/logger_run.log
[11:13:33] [INFO] [pipeline] =======================================================
[11:14:01] [INFO] [pipeline] =======================================================
[11:14:01] [INFO] [pipeline] DATA INTELLIGENCE LAYER - Pipeline Start
[11:14:01] [INFO] [pipeline] =======================================================
[11:14:01] [INFO] [pipeline] [Layer 1] Data Input
[11:14:14] [INFO] [layers.input_layer] Dataset loaded from C:\Users\Navjot Kaushal\OneDrive\projects\ML Major Projects\Data Engine\experimenation\heart.csv - shape: (1025, 14)
[11:14:14] [INFO] [layers.input_layer] Raw file saved to C:\Users\Navjot Kaushal\OneDrive\projects\ML Major Projects\Data Engine\layers\data\raw\heart.csv
[11:14:14] [DEBUG] [layers.input_layer] Columns normalized: ['age', 'sex', 'cp', 'trestbps', 'chol', 'fbs', 'restecg', 'thalach', 'exang', 'oldpeak', 'slope', 'ca', 'thal', 'target']
[11:14:14] [INFO] [layers.input_layer] Dataset validated - shape: (1025, 14)
[11:14:14] [WARNING] [layers.input_layer] 723 duplicate rows detected
[11:14:18] [INFO] [layers.input_layer] Target column set to target
[11:14:18] [INFO] [pipeline] [Layer 2] Schema Detection
[11:14:18] [DEBUG] [layers.schema_detection] Numerical column: age
[11:14:18] [DEBUG] [layers.schema_detection] Binary column: sex
[11:14:18] [DEBUG] [layers.schema_detection] Numeric-coded categorical column: cp
[11:14:18] [DEBUG] [layers.schema_detection] Numerical column: trestbps
[11:14:18] [DEBUG] [layers.schema_detection] Numerical column: chol
[11:14:18] [DEBUG] [layers.schema_detection] Binary column: fbs
[11:14:18] [DEBUG] [layers.schema_detection] Numeric-coded categorical column: restecg
[11:14:18] [DEBUG] [layers.schema_detection] Numerical column: thalach
[11:14:18] [DEBUG] [layers.schema_detection] Binary column: exang
[11:14:18] [DEBUG] [layers.schema_detection] Numerical column: oldpeak
[11:14:18] [DEBUG] [layers.schema_detection] Numeric-coded categorical column: slope
[11:14:18] [DEBUG] [layers.schema_detection] Numeric-coded categorical column: ca
[11:14:18] [DEBUG] [layers.schema_detection] Numeric-coded categorical column: thal
[11:14:18] [INFO] [layers.schema_detection] numerical       -> ['age', 'trestbps', 'chol', 'thalach', 'oldpeak']
[11:14:18] [INFO] [layers.schema_detection] categorical     -> ['cp', 'restecg', 'slope', 'ca', 'thal']
[11:14:18] [INFO] [layers.schema_detection] binary          -> ['sex', 'fbs', 'exang']
[11:14:18] [INFO] [pipeline] [Layer 3] Data Profiling
[11:14:18] [INFO] [layers.data_profiling] Class distribution computed for target
[11:14:18] [INFO] [layers.data_profiling] Correlation matrix computed for 5 numerical columns
[11:14:18] [INFO] [layers.data_profiling] Profiling complete - 13 features analyzed
[11:14:18] [INFO] [pipeline] [Layer 4] Data Quality
[11:14:18] [WARNING] [layers.data_quality] 723 duplicate rows found
[11:14:18] [INFO] [layers.data_quality] Quality check complete
[11:14:18] [INFO] [pipeline] [Layer 5] Decision Engine
[11:14:18] [INFO] [layers.decision_engine] Decision -> drop duplicate rows
[11:14:18] [INFO] [layers.decision_engine] Decision -> standard scale: age
[11:14:18] [INFO] [layers.decision_engine] Decision -> standard scale: trestbps
[11:14:18] [INFO] [layers.decision_engine] Decision -> min-max scale: chol
[11:14:18] [INFO] [layers.decision_engine] Decision -> standard scale: thalach
[11:14:18] [INFO] [layers.decision_engine] Decision -> min-max scale: oldpeak
[11:14:18] [INFO] [layers.decision_engine] Decision -> one-hot encode: cp
[11:14:18] [INFO] [layers.decision_engine] Decision -> one-hot encode: restecg
[11:14:18] [INFO] [layers.decision_engine] Decision -> one-hot encode: slope
[11:14:18] [INFO] [layers.decision_engine] Decision -> one-hot encode: ca
[11:14:18] [INFO] [layers.decision_engine] Decision -> one-hot encode: thal
[11:14:18] [INFO] [layers.decision_engine] Decision -> label encode (binary): sex
[11:14:18] [INFO] [layers.decision_engine] Decision -> label encode (binary): fbs
[11:14:18] [INFO] [layers.decision_engine] Decision -> label encode (binary): exang
[11:14:18] [INFO] [layers.decision_engine] Decision engine complete
[11:14:18] [INFO] [pipeline] [Layer 6] Transformer
[11:14:18] [INFO] [layers.transformer] Dropped 723 duplicate rows
[11:14:18] [INFO] [layers.transformer] One-hot encoded columns: ['cp', 'restecg', 'slope', 'ca', 'thal']
[11:14:18] [INFO] [layers.transformer] Label encoded: sex
[11:14:18] [INFO] [layers.transformer] Label encoded: fbs
[11:14:18] [INFO] [layers.transformer] Label encoded: exang
[11:14:18] [INFO] [layers.transformer] Applied standard scaling: ['age', 'trestbps', 'thalach']
[11:14:18] [INFO] [layers.transformer] Applied min-max scaling: ['chol', 'oldpeak']
[11:14:18] [INFO] [layers.transformer] Clean CSV saved to C:\Users\Navjot Kaushal\OneDrive\projects\ML Major Projects\Data Engine\data\output\cleaned_data\heart_cleaned.csv
[11:14:18] [INFO] [layers.transformer] Final shape: 302 rows x 28 columns
[11:14:18] [INFO] [pipeline] =======================================================
[11:14:18] [INFO] [pipeline] PIPELINE COMPLETE
[11:14:18] [INFO] [pipeline] Clean CSV  -> C:\Users\Navjot Kaushal\OneDrive\projects\ML Major Projects\Data Engine\data\output\cleaned_data\heart_cleaned.csv
[11:14:18] [INFO] [pipeline] Full report -> C:\Users\Navjot Kaushal\OneDrive\projects\ML Major Projects\Data Engine\data\output\json_data\heart_report.json
[11:14:18] [INFO] [pipeline] Logs       -> data/output/logger_run.log
[11:14:18] [INFO] [pipeline] =======================================================
[11:33:42] [DEBUG] [layers.schema_detection] ID-like column: id_col
[11:33:42] [DEBUG] [layers.schema_detection] Numerical column: age
[11:33:42] [DEBUG] [layers.schema_detection] Numeric-coded categorical column: salary
[11:33:42] [DEBUG] [layers.schema_detection] Categorical column: city
[11:33:42] [DEBUG] [layers.schema_detection] Binary column: is_active
[11:33:42] [INFO] [layers.schema_detection] numerical       -> ['age']
[11:33:42] [INFO] [layers.schema_detection] categorical     -> ['salary', 'city']
[11:33:42] [INFO] [layers.schema_detection] binary          -> ['is_active']
[11:33:42] [INFO] [layers.schema_detection] id_columns      -> ['id_col']
[11:33:42] [DEBUG] [layers.schema_detection] ID-like column: id_col
[11:33:42] [DEBUG] [layers.schema_detection] Numerical column: age
[11:33:42] [DEBUG] [layers.schema_detection] Numeric-coded categorical column: salary
[11:33:42] [DEBUG] [layers.schema_detection] Categorical column: city
[11:33:42] [DEBUG] [layers.schema_detection] Binary column: is_active
[11:33:42] [INFO] [layers.schema_detection] numerical       -> ['age']
[11:33:42] [INFO] [layers.schema_detection] categorical     -> ['salary', 'city']
[11:33:42] [INFO] [layers.schema_detection] binary          -> ['is_active']
[11:33:42] [INFO] [layers.schema_detection] id_columns      -> ['id_col']
[11:33:42] [WARNING] [layers.data_quality] Negative values (1) in likely-positive column: age
[11:33:42] [INFO] [layers.data_quality] Quality check complete
[11:33:42] [INFO] [pipeline] =======================================================
[11:33:42] [INFO] [pipeline] DATA INTELLIGENCE LAYER - Pipeline Start
[11:33:42] [INFO] [pipeline] =======================================================
[11:33:42] [INFO] [pipeline] [Layer 1] Data Input
[11:33:42] [INFO] [layers.input_layer] Dataset loaded from C:\Users\Navjot Kaushal\AppData\Local\Temp\pytest-of-Navjot Kaushal\pytest-5\test_full_pipeline0\messy_data.csv - shape: (10, 6)
[11:33:42] [INFO] [layers.input_layer] Raw file saved to C:\Users\Navjot Kaushal\OneDrive\projects\ML Major Projects\Data Engine\layers\data\raw\messy_data.csv
[11:33:42] [DEBUG] [layers.input_layer] Columns normalized: ['id_col', 'age', 'salary', 'city', 'is_active', 'target']
[11:33:42] [INFO] [layers.input_layer] Dataset validated - shape: (10, 6)
[11:33:42] [INFO] [layers.input_layer] Target column set to target
[11:33:42] [INFO] [pipeline] [Layer 2] Schema Detection
[11:33:42] [DEBUG] [layers.schema_detection] ID-like column: id_col
[11:33:42] [DEBUG] [layers.schema_detection] Numerical column: age
[11:33:42] [DEBUG] [layers.schema_detection] Numeric-coded categorical column: salary
[11:33:42] [DEBUG] [layers.schema_detection] Categorical column: city
[11:33:42] [DEBUG] [layers.schema_detection] Binary column: is_active
[11:33:42] [INFO] [layers.schema_detection] numerical       -> ['age']
[11:33:42] [INFO] [layers.schema_detection] categorical     -> ['salary', 'city']
[11:33:42] [INFO] [layers.schema_detection] binary          -> ['is_active']
[11:33:42] [INFO] [layers.schema_detection] id_columns      -> ['id_col']
[11:33:42] [INFO] [pipeline] [Layer 3] Data Profiling
[11:33:42] [INFO] [layers.data_profiling] Class distribution computed for target
[11:33:42] [INFO] [layers.data_profiling] Correlation matrix computed for 1 numerical columns
[11:33:42] [INFO] [layers.data_profiling] Profiling complete - 5 features analyzed
[11:33:42] [INFO] [pipeline] [Layer 4] Data Quality
[11:33:42] [WARNING] [layers.data_quality] Negative values (1) in likely-positive column: age
[11:33:42] [INFO] [layers.data_quality] Quality check complete
[11:33:42] [INFO] [pipeline] [Layer 5] Decision Engine
[11:33:42] [INFO] [layers.decision_engine] Decision -> drop column: id_col
[11:33:42] [INFO] [layers.decision_engine] Decision -> impute median (skew=-1.22): age
[11:33:42] [INFO] [layers.decision_engine] Decision -> cap outliers (ratio=0.10): age
[11:33:42] [INFO] [layers.decision_engine] Decision -> min-max scale: age
[11:33:42] [INFO] [layers.decision_engine] Decision -> one-hot encode: salary
[11:33:42] [INFO] [layers.decision_engine] Decision -> impute mode: city
[11:33:42] [INFO] [layers.decision_engine] Decision -> one-hot encode: city
[11:33:42] [INFO] [layers.decision_engine] Decision -> label encode (binary): is_active
[11:33:42] [INFO] [layers.decision_engine] Decision engine complete
[11:33:42] [INFO] [pipeline] [Layer 6] Transformer
[11:33:42] [INFO] [layers.transformer] Dropped columns: ['id_col']
[11:33:42] [INFO] [layers.transformer] Imputed median (30.00): age
[11:33:42] [INFO] [layers.transformer] Imputed mode (London): city
[11:33:42] [INFO] [layers.transformer] Capped 0 outliers in age
[11:33:42] [INFO] [layers.transformer] One-hot encoded columns: ['salary', 'city']
[11:33:42] [INFO] [layers.transformer] Label encoded: is_active
[11:33:42] [INFO] [layers.transformer] Applied min-max scaling: ['age']
[11:33:42] [INFO] [layers.transformer] Clean CSV saved to C:\Users\Navjot Kaushal\AppData\Local\Temp\pytest-of-Navjot Kaushal\pytest-5\test_full_pipeline0\messy_data_cleaned.csv
[11:33:42] [INFO] [layers.transformer] Final shape: 10 rows x 13 columns
[11:33:42] [INFO] [pipeline] =======================================================
[11:33:42] [INFO] [pipeline] PIPELINE COMPLETE
[11:33:42] [INFO] [pipeline] Clean CSV  -> C:\Users\Navjot Kaushal\AppData\Local\Temp\pytest-of-Navjot Kaushal\pytest-5\test_full_pipeline0\messy_data_cleaned.csv
[11:33:42] [INFO] [pipeline] Full report -> C:\Users\Navjot Kaushal\OneDrive\projects\ML Major Projects\Data Engine\data\output\json_data\messy_data_report.json
[11:33:42] [INFO] [pipeline] Logs       -> data/output/logger_run.log
[11:33:42] [INFO] [pipeline] =======================================================
[11:37:59] [INFO] [pipeline] =======================================================
[11:37:59] [INFO] [pipeline] DATA INTELLIGENCE LAYER - Pipeline Start
[11:37:59] [INFO] [pipeline] =======================================================
[11:37:59] [INFO] [pipeline] [Layer 1] Data Input
[11:38:10] [INFO] [layers.input_layer] Dataset loaded from C:\Users\Navjot Kaushal\OneDrive\projects\ML Major Projects\Data Engine\Datasets\data.csv - shape: (4600, 18)
[11:38:10] [INFO] [layers.input_layer] Raw file saved to C:\Users\Navjot Kaushal\OneDrive\projects\ML Major Projects\Data Engine\layers\..\data\raw\data.csv
[11:38:10] [DEBUG] [layers.input_layer] Columns normalized: ['date', 'price', 'bedrooms', 'bathrooms', 'sqft_living', 'sqft_lot', 'floors', 'waterfront', 'view', 'condition', 'sqft_above', 'sqft_basement', 'yr_built', 'yr_renovated', 'street', 'city', 'statezip', 'country']
[11:38:10] [INFO] [layers.input_layer] Dataset validated - shape: (4600, 18)
[11:38:13] [INFO] [layers.input_layer] Target column set to price
[11:38:13] [INFO] [pipeline] [Layer 2] Schema Detection
[11:38:13] [DEBUG] [layers.schema_detection] Datetime column: date
[11:38:13] [DEBUG] [layers.schema_detection] Numeric-coded categorical column: bedrooms
[11:38:13] [DEBUG] [layers.schema_detection] Numerical column: bathrooms
[11:38:13] [DEBUG] [layers.schema_detection] Numerical column: sqft_living
[11:38:13] [DEBUG] [layers.schema_detection] Numerical column: sqft_lot
[11:38:13] [DEBUG] [layers.schema_detection] Numerical column: floors
[11:38:13] [DEBUG] [layers.schema_detection] Binary column: waterfront
[11:38:13] [DEBUG] [layers.schema_detection] Numeric-coded categorical column: view
[11:38:13] [DEBUG] [layers.schema_detection] Numeric-coded categorical column: condition
[11:38:13] [DEBUG] [layers.schema_detection] Numerical column: sqft_above
[11:38:13] [DEBUG] [layers.schema_detection] Numerical column: sqft_basement
[11:38:13] [DEBUG] [layers.schema_detection] Numerical column: yr_built
[11:38:13] [DEBUG] [layers.schema_detection] Numerical column: yr_renovated
[11:38:13] [DEBUG] [layers.schema_detection] ID-like column: street
[11:38:13] [DEBUG] [layers.schema_detection] Categorical column: city
[11:38:13] [DEBUG] [layers.schema_detection] Categorical column: statezip
[11:38:13] [DEBUG] [layers.schema_detection] Drop constant column: country
[11:38:13] [INFO] [layers.schema_detection] numerical       -> ['bathrooms', 'sqft_living', 'sqft_lot', 'floors', 'sqft_above', 'sqft_basement', 'yr_built', 'yr_renovated']
[11:38:13] [INFO] [layers.schema_detection] categorical     -> ['bedrooms', 'view', 'condition', 'city', 'statezip']
[11:38:13] [INFO] [layers.schema_detection] binary          -> ['waterfront']
[11:38:13] [INFO] [layers.schema_detection] datetime        -> ['date']
[11:38:13] [INFO] [layers.schema_detection] id_columns      -> ['street']
[11:38:13] [INFO] [layers.schema_detection] drop_columns    -> ['country']
[11:38:13] [INFO] [pipeline] [Layer 3] Data Profiling
[11:38:13] [INFO] [layers.data_profiling] Regression target summary computed
[11:38:13] [INFO] [layers.data_profiling] Correlation matrix computed for 8 numerical columns
[11:38:13] [INFO] [layers.data_profiling] Profiling complete - 17 features analyzed
[11:38:13] [INFO] [pipeline] [Layer 4] Data Quality
[11:38:13] [INFO] [layers.data_quality] Quality check complete
[11:38:13] [INFO] [pipeline] [Layer 5] Decision Engine
[11:38:13] [INFO] [layers.decision_engine] Decision -> drop column: country
[11:38:13] [INFO] [layers.decision_engine] Decision -> drop column: street
[11:38:13] [INFO] [layers.decision_engine] Decision -> extract datetime features: date
[11:38:13] [INFO] [layers.decision_engine] Decision -> standard scale: bathrooms
[11:38:13] [INFO] [layers.decision_engine] Decision -> min-max scale: sqft_living
[11:38:13] [INFO] [layers.decision_engine] Decision -> cap outliers (ratio=0.12): sqft_lot
[11:38:13] [INFO] [layers.decision_engine] Decision -> min-max scale: sqft_lot
[11:38:13] [INFO] [layers.decision_engine] Decision -> standard scale: floors
[11:38:13] [INFO] [layers.decision_engine] Decision -> min-max scale: sqft_above
[11:38:13] [INFO] [layers.decision_engine] Decision -> min-max scale: sqft_basement
[11:38:13] [INFO] [layers.decision_engine] Decision -> standard scale: yr_built
[11:38:13] [INFO] [layers.decision_engine] Decision -> standard scale: yr_renovated
[11:38:13] [INFO] [layers.decision_engine] Decision -> one-hot encode: bedrooms
[11:38:13] [INFO] [layers.decision_engine] Decision -> one-hot encode: view
[11:38:13] [INFO] [layers.decision_engine] Decision -> one-hot encode: condition
[11:38:13] [INFO] [layers.decision_engine] Decision -> label encode: city
[11:38:13] [INFO] [layers.decision_engine] Decision -> label encode: statezip
[11:38:13] [INFO] [layers.decision_engine] Decision -> label encode (binary): waterfront
[11:38:13] [INFO] [layers.decision_engine] Decision engine complete
[11:38:13] [INFO] [pipeline] [Layer 6] Transformer
[11:38:13] [INFO] [layers.transformer] Dropped columns: ['country', 'street']
[11:38:13] [INFO] [layers.transformer] Extracted datetime features from date
[11:38:13] [INFO] [layers.transformer] Capped 404 outliers in sqft_lot
[11:38:13] [INFO] [layers.transformer] One-hot encoded columns: ['bedrooms', 'view', 'condition']
[11:38:13] [INFO] [layers.transformer] Label encoded: city
[11:38:13] [INFO] [layers.transformer] Label encoded: statezip
[11:38:13] [INFO] [layers.transformer] Label encoded: waterfront
[11:38:13] [INFO] [layers.transformer] Applied standard scaling: ['bathrooms', 'floors', 'yr_built', 'yr_renovated']
[11:38:13] [INFO] [layers.transformer] Applied min-max scaling: ['sqft_living', 'sqft_lot', 'sqft_above', 'sqft_basement']
[11:38:13] [INFO] [layers.transformer] Clean CSV saved to C:\Users\Navjot Kaushal\OneDrive\projects\ML Major Projects\Data Engine\data\output\cleaned_data\data_cleaned.csv
[11:38:13] [INFO] [layers.transformer] Final shape: 4600 rows x 36 columns
[11:38:13] [INFO] [pipeline] =======================================================
[11:38:13] [INFO] [pipeline] PIPELINE COMPLETE
[11:38:13] [INFO] [pipeline] Clean CSV  -> C:\Users\Navjot Kaushal\OneDrive\projects\ML Major Projects\Data Engine\data\output\cleaned_data\data_cleaned.csv
[11:38:13] [INFO] [pipeline] Full report -> C:\Users\Navjot Kaushal\OneDrive\projects\ML Major Projects\Data Engine\data\output\json_data\data_report.json
[11:38:13] [INFO] [pipeline] Logs       -> data/output/logger_run.log
[11:38:13] [INFO] [pipeline] =======================================================
